2024.11.27 21:04:14 INFO  Started: Metals version 1.4.1 in folders 'C:\Users\dima-\OneDrive\Desktop\то\Functional_Programming' for client Visual Studio Code 1.95.3.
2024.11.27 21:04:15 WARN  Flyway upgrade recommended: H2 2.3.232 is newer than this version of Flyway and support has not been tested. The latest supported version of H2 is 2.2.224.
2024.11.27 21:04:15 INFO  Attempting to connect to the build server...
2024.11.27 21:04:15 INFO  No running Bloop server found, starting one.
2024.11.27 21:04:19 INFO  Starting compilation server
2024.11.27 21:04:23 INFO  tracing is disabled for protocol BSP, to enable tracing of incoming and outgoing JSON messages create an empty file at C:\Users\dima-\OneDrive\Desktop\то\Functional_Programming\.metals\bsp.trace.json or C:\Users\dima-\AppData\Local\scalameta\metals\cache\bsp.trace.json
2024.11.27 21:04:23 INFO  time: Connected to build server in 7.28s
2024.11.27 21:04:23 INFO  Connected to Build server: Bloop v2.0.5
2024.11.27 21:04:23 INFO  running doctor check
2024.11.27 21:04:23 INFO  java targets: 
2024.11.27 21:04:24 WARN  Flyway upgrade recommended: H2 2.3.232 is newer than this version of Flyway and support has not been tested. The latest supported version of H2 is 2.2.224.
2024.11.27 21:04:24 INFO  time: indexed workspace in 1.46s
МНЪА. 27, 2024 9:05:30 PM org.eclipse.lsp4j.jsonrpc.services.GenericEndpoint notify
INFO: Unsupported notification method: $/setTrace
2024.11.27 21:06:19 ERROR SLF4J: Failed to load class "org.slf4j.impl.StaticLoggerBinder".
2024.11.27 21:06:19 ERROR SLF4J: Defaulting to no-operation (NOP) logger implementation
2024.11.27 21:06:19 ERROR SLF4J: See http://www.slf4j.org/codes.html#StaticLoggerBinder for further details.
2024.11.27 21:06:21 INFO  
2024.11.27 21:06:21 INFO  Template applied in C:\Users\dima-\OneDrive\Desktop\то\Functional_Programming\lab2\.\lab2
2024.11.27 21:06:21 INFO  
2024.11.27 21:06:21 INFO  time: ran 'giter8.Giter8' in 2.78s
2024.11.27 21:06:49 ERROR SLF4J: Failed to load class "org.slf4j.impl.StaticLoggerBinder".
2024.11.27 21:06:49 ERROR SLF4J: Defaulting to no-operation (NOP) logger implementation
2024.11.27 21:06:49 ERROR SLF4J: See http://www.slf4j.org/codes.html#StaticLoggerBinder for further details.
2024.11.27 21:06:50 INFO  
2024.11.27 21:06:50 INFO  Template applied in C:\Users\dima-\OneDrive\Desktop\то\Functional_Programming\.\lab2
2024.11.27 21:06:50 INFO  
2024.11.27 21:06:50 INFO  time: ran 'giter8.Giter8' in 2.07s
2024.11.27 21:06:53 INFO  no build target found for C:\Users\dima-\OneDrive\Desktop\то\Functional_Programming\lab2\build.sbt. Using presentation compiler with project's scala-library version: 3.3.4
2024.11.27 21:06:53 INFO  no build target found for C:\Users\dima-\OneDrive\Desktop\то\Functional_Programming\lab2\build.sbt. Using presentation compiler with project's scala-library version: 3.3.4
2024.11.27 21:06:54 INFO  no build target found for C:\Users\dima-\OneDrive\Desktop\то\Functional_Programming\lab2\build.sbt. Using presentation compiler with project's scala-library version: 3.3.4
2024.11.27 21:06:54 INFO  no build target found for C:\Users\dima-\OneDrive\Desktop\то\Functional_Programming\lab2\build.sbt. Using presentation compiler with project's scala-library version: 3.3.4
2024.11.27 21:06:54 INFO  no build target found for C:\Users\dima-\OneDrive\Desktop\то\Functional_Programming\lab2\build.sbt. Using presentation compiler with project's scala-library version: 3.3.4
2024.11.27 21:06:54 INFO  time: code lens generation in 1.87s
2024.11.27 21:06:56 INFO  no build target found for C:\Users\dima-\OneDrive\Desktop\то\Functional_Programming\lab2\build.sbt. Using presentation compiler with project's scala-library version: 3.3.4
2024.11.27 21:06:56 INFO  no build target found for C:\Users\dima-\OneDrive\Desktop\то\Functional_Programming\lab2\build.sbt. Using presentation compiler with project's scala-library version: 3.3.4
2024.11.27 21:06:56 INFO  no build target found for C:\Users\dima-\OneDrive\Desktop\то\Functional_Programming\lab2\build.sbt. Using presentation compiler with project's scala-library version: 3.3.4
2024.11.27 21:06:56 INFO  no build target found for C:\Users\dima-\OneDrive\Desktop\то\Functional_Programming\lab2\build.sbt. Using presentation compiler with project's scala-library version: 3.3.4
2024.11.27 21:06:56 INFO  no build target found for C:\Users\dima-\OneDrive\Desktop\то\Functional_Programming\lab2\build.sbt. Using presentation compiler with project's scala-library version: 3.3.4
2024.11.27 21:06:57 INFO  no build target found for C:\Users\dima-\OneDrive\Desktop\то\Functional_Programming\lab2\build.sbt. Using presentation compiler with project's scala-library version: 3.3.4
2024.11.27 21:06:57 INFO  no build target found for C:\Users\dima-\OneDrive\Desktop\то\Functional_Programming\lab2\build.sbt. Using presentation compiler with project's scala-library version: 3.3.4
2024.11.27 21:06:57 INFO  no build target found for C:\Users\dima-\OneDrive\Desktop\то\Functional_Programming\lab2\build.sbt. Using presentation compiler with project's scala-library version: 3.3.4
2024.11.27 21:06:57 INFO  no build target found for C:\Users\dima-\OneDrive\Desktop\то\Functional_Programming\lab2\build.sbt. Using presentation compiler with project's scala-library version: 3.3.4
2024.11.27 21:06:57 WARN  Could not find semantic tokens for: file:///C:/Users/dima-/OneDrive/Desktop/то/Functional_Programming/lab2/build.sbt
2024.11.27 21:06:57 INFO  no build target found for C:\Users\dima-\OneDrive\Desktop\то\Functional_Programming\lab2\build.sbt. Using presentation compiler with project's scala-library version: 3.3.4
2024.11.27 21:06:57 INFO  no build target found for C:\Users\dima-\OneDrive\Desktop\то\Functional_Programming\lab2\build.sbt. Using presentation compiler with project's scala-library version: 3.3.4
2024.11.27 21:06:58 INFO  no build target found for C:\Users\dima-\OneDrive\Desktop\то\Functional_Programming\lab2\build.sbt. Using presentation compiler with project's scala-library version: 3.3.4
2024.11.27 21:06:58 WARN  Could not find semantic tokens for: file:///C:/Users/dima-/OneDrive/Desktop/то/Functional_Programming/lab2/build.sbt
2024.11.27 21:06:58 INFO  no build target found for C:\Users\dima-\OneDrive\Desktop\то\Functional_Programming\lab2\build.sbt. Using presentation compiler with project's scala-library version: 3.3.4
2024.11.27 21:06:58 INFO  no build target found for C:\Users\dima-\OneDrive\Desktop\то\Functional_Programming\lab2\build.sbt. Using presentation compiler with project's scala-library version: 3.3.4
2024.11.27 21:06:58 INFO  no build target found for C:\Users\dima-\OneDrive\Desktop\то\Functional_Programming\lab2\build.sbt. Using presentation compiler with project's scala-library version: 3.3.4
2024.11.27 21:06:58 WARN  Could not find semantic tokens for: file:///C:/Users/dima-/OneDrive/Desktop/то/Functional_Programming/lab2/build.sbt
2024.11.27 21:06:58 INFO  no build target found for C:\Users\dima-\OneDrive\Desktop\то\Functional_Programming\lab2\build.sbt. Using presentation compiler with project's scala-library version: 3.3.4
2024.11.27 21:06:58 INFO  no build target found for C:\Users\dima-\OneDrive\Desktop\то\Functional_Programming\lab2\build.sbt. Using presentation compiler with project's scala-library version: 3.3.4
2024.11.27 21:06:58 INFO  no build target found for C:\Users\dima-\OneDrive\Desktop\то\Functional_Programming\lab2\build.sbt. Using presentation compiler with project's scala-library version: 3.3.4
2024.11.27 21:06:59 INFO  no build target found for C:\Users\dima-\OneDrive\Desktop\то\Functional_Programming\lab2\build.sbt. Using presentation compiler with project's scala-library version: 3.3.4
2024.11.27 21:06:59 WARN  Could not find semantic tokens for: file:///C:/Users/dima-/OneDrive/Desktop/то/Functional_Programming/lab2/build.sbt
2024.11.27 21:06:58 INFO  no build target found for C:\Users\dima-\OneDrive\Desktop\то\Functional_Programming\lab2\build.sbt. Using presentation compiler with project's scala-library version: 3.3.4
2024.11.27 21:06:59 INFO  no build target found for C:\Users\dima-\OneDrive\Desktop\то\Functional_Programming\lab2\build.sbt. Using presentation compiler with project's scala-library version: 3.3.4
2024.11.27 21:06:59 INFO  no build target found for C:\Users\dima-\OneDrive\Desktop\то\Functional_Programming\lab2\build.sbt. Using presentation compiler with project's scala-library version: 3.3.4
2024.11.27 21:06:59 INFO  no build target found for C:\Users\dima-\OneDrive\Desktop\то\Functional_Programming\lab2\build.sbt. Using presentation compiler with project's scala-library version: 3.3.4
2024.11.27 21:06:59 INFO  no build target found for C:\Users\dima-\OneDrive\Desktop\то\Functional_Programming\lab2\build.sbt. Using presentation compiler with project's scala-library version: 3.3.4
2024.11.27 21:06:59 WARN  Could not find semantic tokens for: file:///C:/Users/dima-/OneDrive/Desktop/то/Functional_Programming/lab2/build.sbt
2024.11.27 21:06:59 INFO  no build target found for C:\Users\dima-\OneDrive\Desktop\то\Functional_Programming\lab2\build.sbt. Using presentation compiler with project's scala-library version: 3.3.4
2024.11.27 21:06:59 INFO  no build target found for C:\Users\dima-\OneDrive\Desktop\то\Functional_Programming\lab2\build.sbt. Using presentation compiler with project's scala-library version: 3.3.4
2024.11.27 21:06:59 INFO  no build target found for C:\Users\dima-\OneDrive\Desktop\то\Functional_Programming\lab2\build.sbt. Using presentation compiler with project's scala-library version: 3.3.4
2024.11.27 21:07:00 INFO  no build target found for C:\Users\dima-\OneDrive\Desktop\то\Functional_Programming\lab2\build.sbt. Using presentation compiler with project's scala-library version: 3.3.4
2024.11.27 21:07:00 WARN  Could not find semantic tokens for: file:///C:/Users/dima-/OneDrive/Desktop/то/Functional_Programming/lab2/build.sbt
2024.11.27 21:06:59 INFO  no build target found for C:\Users\dima-\OneDrive\Desktop\то\Functional_Programming\lab2\build.sbt. Using presentation compiler with project's scala-library version: 3.3.4
2024.11.27 21:06:59 INFO  no build target found for C:\Users\dima-\OneDrive\Desktop\то\Functional_Programming\lab2\build.sbt. Using presentation compiler with project's scala-library version: 3.3.4
2024.11.27 21:07:00 INFO  no build target found for C:\Users\dima-\OneDrive\Desktop\то\Functional_Programming\lab2\build.sbt. Using presentation compiler with project's scala-library version: 3.3.4
2024.11.27 21:07:00 WARN  Could not find semantic tokens for: file:///C:/Users/dima-/OneDrive/Desktop/то/Functional_Programming/lab2/build.sbt
2024.11.27 21:07:00 INFO  no build target found for C:\Users\dima-\OneDrive\Desktop\то\Functional_Programming\lab2\build.sbt. Using presentation compiler with project's scala-library version: 3.3.4
2024.11.27 21:07:00 INFO  no build target found for C:\Users\dima-\OneDrive\Desktop\то\Functional_Programming\lab2\build.sbt. Using presentation compiler with project's scala-library version: 3.3.4
2024.11.27 21:07:00 INFO  no build target found for C:\Users\dima-\OneDrive\Desktop\то\Functional_Programming\lab2\build.sbt. Using presentation compiler with project's scala-library version: 3.3.4
2024.11.27 21:07:00 INFO  no build target found for C:\Users\dima-\OneDrive\Desktop\то\Functional_Programming\lab2\build.sbt. Using presentation compiler with project's scala-library version: 3.3.4
2024.11.27 21:07:00 INFO  no build target found for C:\Users\dima-\OneDrive\Desktop\то\Functional_Programming\lab2\build.sbt. Using presentation compiler with project's scala-library version: 3.3.4
2024.11.27 21:07:00 INFO  no build target found for C:\Users\dima-\OneDrive\Desktop\то\Functional_Programming\lab2\build.sbt. Using presentation compiler with project's scala-library version: 3.3.4
2024.11.27 21:07:01 INFO  no build target found for C:\Users\dima-\OneDrive\Desktop\то\Functional_Programming\lab2\build.sbt. Using presentation compiler with project's scala-library version: 3.3.4
2024.11.27 21:07:01 WARN  Could not find semantic tokens for: file:///C:/Users/dima-/OneDrive/Desktop/то/Functional_Programming/lab2/build.sbt
2024.11.27 21:07:01 INFO  no build target found for C:\Users\dima-\OneDrive\Desktop\то\Functional_Programming\lab2\build.sbt. Using presentation compiler with project's scala-library version: 3.3.4
2024.11.27 21:07:01 INFO  no build target found for C:\Users\dima-\OneDrive\Desktop\то\Functional_Programming\lab2\build.sbt. Using presentation compiler with project's scala-library version: 3.3.4
2024.11.27 21:07:02 INFO  no build target found for C:\Users\dima-\OneDrive\Desktop\то\Functional_Programming\lab2\build.sbt. Using presentation compiler with project's scala-library version: 3.3.4
2024.11.27 21:07:02 WARN  Could not find semantic tokens for: file:///C:/Users/dima-/OneDrive/Desktop/то/Functional_Programming/lab2/build.sbt
2024.11.27 21:07:02 INFO  no build target found for C:\Users\dima-\OneDrive\Desktop\то\Functional_Programming\lab2\build.sbt. Using presentation compiler with project's scala-library version: 3.3.4
2024.11.27 21:07:02 WARN  no build target for: C:\Users\dima-\OneDrive\Desktop\то\Functional_Programming\lab2\build.sbt
2024.11.27 21:07:02 INFO  no build target found for C:\Users\dima-\OneDrive\Desktop\то\Functional_Programming\lab2\build.sbt. Using presentation compiler with project's scala-library version: 3.3.4
2024.11.27 21:07:02 WARN  Could not find semantic tokens for: file:///C:/Users/dima-/OneDrive/Desktop/то/Functional_Programming/lab2/build.sbt
2024.11.27 21:07:03 INFO  no build target found for C:\Users\dima-\OneDrive\Desktop\то\Functional_Programming\lab1\build.sbt. Using presentation compiler with project's scala-library version: 3.3.4
2024.11.27 21:07:03 INFO  no build target found for C:\Users\dima-\OneDrive\Desktop\то\Functional_Programming\lab1\build.sbt. Using presentation compiler with project's scala-library version: 3.3.4
2024.11.27 21:07:03 WARN  Could not find semantic tokens for: file:///C:/Users/dima-/OneDrive/Desktop/то/Functional_Programming/lab1/build.sbt
2024.11.27 21:07:04 INFO  no build target found for C:\Users\dima-\OneDrive\Desktop\то\Functional_Programming\lab2\build.sbt. Using presentation compiler with project's scala-library version: 3.3.4
2024.11.27 21:07:04 INFO  no build target found for C:\Users\dima-\OneDrive\Desktop\то\Functional_Programming\lab2\build.sbt. Using presentation compiler with project's scala-library version: 3.3.4
2024.11.27 21:07:04 INFO  no build target found for C:\Users\dima-\OneDrive\Desktop\то\Functional_Programming\lab2\build.sbt. Using presentation compiler with project's scala-library version: 3.3.4
2024.11.27 21:07:04 INFO  no build target found for C:\Users\dima-\OneDrive\Desktop\то\Functional_Programming\lab2\build.sbt. Using presentation compiler with project's scala-library version: 3.3.4
2024.11.27 21:07:04 WARN  Could not find semantic tokens for: file:///C:/Users/dima-/OneDrive/Desktop/то/Functional_Programming/lab2/build.sbt
2024.11.27 21:07:04 INFO  no build target found for C:\Users\dima-\OneDrive\Desktop\то\Functional_Programming\lab2\build.sbt. Using presentation compiler with project's scala-library version: 3.3.4
2024.11.27 21:07:05 INFO  no build target found for C:\Users\dima-\OneDrive\Desktop\то\Functional_Programming\lab2\build.sbt. Using presentation compiler with project's scala-library version: 3.3.4
2024.11.27 21:07:05 INFO  no build target found for C:\Users\dima-\OneDrive\Desktop\то\Functional_Programming\lab2\build.sbt. Using presentation compiler with project's scala-library version: 3.3.4
2024.11.27 21:07:05 INFO  no build target found for C:\Users\dima-\OneDrive\Desktop\то\Functional_Programming\lab2\build.sbt. Using presentation compiler with project's scala-library version: 3.3.4
2024.11.27 21:07:05 INFO  no build target found for C:\Users\dima-\OneDrive\Desktop\то\Functional_Programming\lab2\build.sbt. Using presentation compiler with project's scala-library version: 3.3.4
2024.11.27 21:07:06 INFO  no build target found for C:\Users\dima-\OneDrive\Desktop\то\Functional_Programming\lab2\build.sbt. Using presentation compiler with project's scala-library version: 3.3.4
2024.11.27 21:07:06 WARN  Could not find semantic tokens for: file:///C:/Users/dima-/OneDrive/Desktop/то/Functional_Programming/lab2/build.sbt
2024.11.27 21:07:05 INFO  no build target found for C:\Users\dima-\OneDrive\Desktop\то\Functional_Programming\lab2\build.sbt. Using presentation compiler with project's scala-library version: 3.3.4
2024.11.27 21:07:06 INFO  no build target found for C:\Users\dima-\OneDrive\Desktop\то\Functional_Programming\lab2\build.sbt. Using presentation compiler with project's scala-library version: 3.3.4
2024.11.27 21:07:06 INFO  no build target found for C:\Users\dima-\OneDrive\Desktop\то\Functional_Programming\lab2\build.sbt. Using presentation compiler with project's scala-library version: 3.3.4
2024.11.27 21:07:06 WARN  Could not find semantic tokens for: file:///C:/Users/dima-/OneDrive/Desktop/то/Functional_Programming/lab2/build.sbt
2024.11.27 21:07:08 INFO  no build target found for C:\Users\dima-\OneDrive\Desktop\то\Functional_Programming\lab1\build.sbt. Using presentation compiler with project's scala-library version: 3.3.4
2024.11.27 21:07:08 INFO  no build target found for C:\Users\dima-\OneDrive\Desktop\то\Functional_Programming\lab2\build.sbt. Using presentation compiler with project's scala-library version: 3.3.4
2024.11.27 21:07:09 INFO  no build target found for C:\Users\dima-\OneDrive\Desktop\то\Functional_Programming\lab2\build.sbt. Using presentation compiler with project's scala-library version: 3.3.4
2024.11.27 21:07:11 INFO  no build target found for C:\Users\dima-\OneDrive\Desktop\то\Functional_Programming\lab2\build.sbt. Using presentation compiler with project's scala-library version: 3.3.4
2024.11.27 21:07:11 WARN  no build target for: C:\Users\dima-\OneDrive\Desktop\то\Functional_Programming\lab2\build.sbt
2024.11.27 21:07:11 INFO  no build target found for C:\Users\dima-\OneDrive\Desktop\то\Functional_Programming\lab2\build.sbt. Using presentation compiler with project's scala-library version: 3.3.4
2024.11.27 21:07:11 INFO  no build target found for C:\Users\dima-\OneDrive\Desktop\то\Functional_Programming\lab2\build.sbt. Using presentation compiler with project's scala-library version: 3.3.4
2024.11.27 21:07:11 WARN  Could not find semantic tokens for: file:///C:/Users/dima-/OneDrive/Desktop/то/Functional_Programming/lab2/build.sbt
2024.11.27 21:07:11 INFO  no build target found for C:\Users\dima-\OneDrive\Desktop\то\Functional_Programming\lab2\build.sbt. Using presentation compiler with project's scala-library version: 3.3.4
2024.11.27 21:07:11 INFO  no build target found for C:\Users\dima-\OneDrive\Desktop\то\Functional_Programming\lab2\build.sbt. Using presentation compiler with project's scala-library version: 3.3.4
2024.11.27 21:07:30 INFO  no build target found for C:\Users\dima-\OneDrive\Desktop\то\Functional_Programming\lab2\build.sbt. Using presentation compiler with project's scala-library version: 3.3.4
2024.11.27 21:07:30 INFO  no build target found for C:\Users\dima-\OneDrive\Desktop\то\Functional_Programming\lab2\build.sbt. Using presentation compiler with project's scala-library version: 3.3.4
2024.11.27 21:07:30 INFO  no build target found for C:\Users\dima-\OneDrive\Desktop\то\Functional_Programming\lab2\build.sbt. Using presentation compiler with project's scala-library version: 3.3.4
2024.11.27 21:07:30 INFO  no build target found for C:\Users\dima-\OneDrive\Desktop\то\Functional_Programming\lab2\build.sbt. Using presentation compiler with project's scala-library version: 3.3.4
2024.11.27 21:07:30 WARN  Could not find semantic tokens for: file:///C:/Users/dima-/OneDrive/Desktop/то/Functional_Programming/lab2/build.sbt
2024.11.27 21:07:32 INFO  no build target found for C:\Users\dima-\OneDrive\Desktop\то\Functional_Programming\lab2\src\main\scala\Main.scala. Using presentation compiler with project's scala-library version: 3.3.4
2024.11.27 21:07:32 INFO  no build target found for C:\Users\dima-\OneDrive\Desktop\то\Functional_Programming\lab2\src\main\scala\Main.scala. Using presentation compiler with project's scala-library version: 3.3.4
2024.11.27 21:07:32 INFO  no build target found for C:\Users\dima-\OneDrive\Desktop\то\Functional_Programming\lab2\src\main\scala\Main.scala. Using presentation compiler with project's scala-library version: 3.3.4
2024.11.27 21:07:32 INFO  no build target found for C:\Users\dima-\OneDrive\Desktop\то\Functional_Programming\lab2\src\main\scala\Main.scala. Using presentation compiler with project's scala-library version: 3.3.4
МНЪА. 27, 2024 9:07:38 PM org.eclipse.lsp4j.jsonrpc.services.GenericEndpoint notify
INFO: Unsupported notification method: $/setTrace
2024.11.27 21:07:39 INFO  no build target found for C:\Users\dima-\OneDrive\Desktop\то\Functional_Programming\lab2\build.sbt. Using presentation compiler with project's scala-library version: 3.3.4
2024.11.27 21:07:39 INFO  no build target found for C:\Users\dima-\OneDrive\Desktop\то\Functional_Programming\lab2\build.sbt. Using presentation compiler with project's scala-library version: 3.3.4
2024.11.27 21:07:39 INFO  no build target found for C:\Users\dima-\OneDrive\Desktop\то\Functional_Programming\lab2\build.sbt. Using presentation compiler with project's scala-library version: 3.3.4
2024.11.27 21:07:40 INFO  no build target found for C:\Users\dima-\OneDrive\Desktop\то\Functional_Programming\lab2\build.sbt. Using presentation compiler with project's scala-library version: 3.3.4
2024.11.27 21:07:40 WARN  Could not find semantic tokens for: file:///C:/Users/dima-/OneDrive/Desktop/то/Functional_Programming/lab2/build.sbt
2024.11.27 21:07:44 WARN  no build target for: C:\Users\dima-\OneDrive\Desktop\то\Functional_Programming\lab2\build.sbt
2024.11.27 21:07:44 INFO  no build target found for C:\Users\dima-\OneDrive\Desktop\то\Functional_Programming\lab2\build.sbt. Using presentation compiler with project's scala-library version: 3.3.4
2024.11.27 21:07:44 WARN  Could not find semantic tokens for: file:///C:/Users/dima-/OneDrive/Desktop/то/Functional_Programming/lab2/build.sbt
2024.11.27 21:07:51 INFO  no build target found for C:\Users\dima-\OneDrive\Desktop\то\Functional_Programming\lab2\src\main\scala\Main.scala. Using presentation compiler with project's scala-library version: 3.3.4
2024.11.27 21:07:51 INFO  no build target found for C:\Users\dima-\OneDrive\Desktop\то\Functional_Programming\lab2\src\main\scala\Main.scala. Using presentation compiler with project's scala-library version: 3.3.4
2024.11.27 21:07:51 INFO  no build target found for C:\Users\dima-\OneDrive\Desktop\то\Functional_Programming\lab2\src\main\scala\Main.scala. Using presentation compiler with project's scala-library version: 3.3.4
2024.11.27 21:07:51 INFO  no build target found for C:\Users\dima-\OneDrive\Desktop\то\Functional_Programming\lab2\src\main\scala\Main.scala. Using presentation compiler with project's scala-library version: 3.3.4
2024.11.27 21:07:57 INFO  no build target found for C:\Users\dima-\OneDrive\Desktop\то\Functional_Programming\lab2\build.sbt. Using presentation compiler with project's scala-library version: 3.3.4
2024.11.27 21:08:10 INFO  no build target found for C:\Users\dima-\OneDrive\Desktop\то\Functional_Programming\lab2\src\main\scala\Main.scala. Using presentation compiler with project's scala-library version: 3.3.4
2024.11.27 21:08:10 INFO  no build target found for C:\Users\dima-\OneDrive\Desktop\то\Functional_Programming\lab2\src\main\scala\Main.scala. Using presentation compiler with project's scala-library version: 3.3.4
2024.11.27 21:08:10 INFO  no build target found for C:\Users\dima-\OneDrive\Desktop\то\Functional_Programming\lab2\src\main\scala\Main.scala. Using presentation compiler with project's scala-library version: 3.3.4
2024.11.27 21:08:10 INFO  no build target found for C:\Users\dima-\OneDrive\Desktop\то\Functional_Programming\lab2\src\main\scala\Main.scala. Using presentation compiler with project's scala-library version: 3.3.4
2024.11.27 21:08:17 WARN  no build target for: C:\Users\dima-\OneDrive\Desktop\то\Functional_Programming\lab2\src\main\scala\Main.scala
2024.11.27 21:08:17 INFO  no build target found for C:\Users\dima-\OneDrive\Desktop\то\Functional_Programming\lab2\src\main\scala\Main.scala. Using presentation compiler with project's scala-library version: 3.3.4
2024.11.27 21:08:17 WARN  no build target for: C:\Users\dima-\OneDrive\Desktop\то\Functional_Programming\lab2\src\main\scala\Main.scala
2024.11.27 21:08:18 INFO  no build target found for C:\Users\dima-\OneDrive\Desktop\то\Functional_Programming\lab2\src\main\scala\Main.scala. Using presentation compiler with project's scala-library version: 3.3.4
2024.11.27 21:08:45 INFO  compilation cancelled
2024.11.27 21:08:45 INFO  compilation cancelled
2024.11.27 21:08:46 INFO  compilation cancelled
2024.11.27 21:09:17 INFO  no build target found for c:\Users\dima-\OneDrive\Desktop\то\Functional_Programming\lab2\src\main\scala\Main.scala. Using presentation compiler with project's scala-library version: 3.3.4
2024.11.27 21:09:30 ERROR SLF4J: Failed to load class "org.slf4j.impl.StaticLoggerBinder".
2024.11.27 21:09:30 ERROR SLF4J: Defaulting to no-operation (NOP) logger implementation
2024.11.27 21:09:30 ERROR SLF4J: See http://www.slf4j.org/codes.html#StaticLoggerBinder for further details.
2024.11.27 21:09:31 INFO  
2024.11.27 21:09:31 INFO  Template applied in C:\Users\dima-\OneDrive\Desktop\то\Functional_Programming\.\lab2
2024.11.27 21:09:31 INFO  
2024.11.27 21:09:31 INFO  time: ran 'giter8.Giter8' in 2.04s
2024.11.27 21:10:31 INFO  no build target found for C:\Users\dima-\OneDrive\Desktop\то\Functional_Programming\lab2\build.sbt. Using presentation compiler with project's scala-library version: 3.3.4
2024.11.27 21:10:31 INFO  no build target found for C:\Users\dima-\OneDrive\Desktop\то\Functional_Programming\lab2\build.sbt. Using presentation compiler with project's scala-library version: 3.3.4
2024.11.27 21:10:31 WARN  Could not find semantic tokens for: file:///C:/Users/dima-/OneDrive/Desktop/то/Functional_Programming/lab2/build.sbt
2024.11.27 21:10:33 INFO  no build target found for C:\Users\dima-\OneDrive\Desktop\то\Functional_Programming\lab2\build.sbt. Using presentation compiler with project's scala-library version: 3.3.4
2024.11.27 21:10:44 INFO  no build target found for C:\Users\dima-\OneDrive\Desktop\то\Functional_Programming\lab1\src\main\scala\Main.scala. Using presentation compiler with project's scala-library version: 3.3.4
2024.11.27 21:10:44 INFO  no build target found for C:\Users\dima-\OneDrive\Desktop\то\Functional_Programming\lab1\src\main\scala\Main.scala. Using presentation compiler with project's scala-library version: 3.3.4
2024.11.27 21:10:44 INFO  no build target found for C:\Users\dima-\OneDrive\Desktop\то\Functional_Programming\lab1\src\main\scala\Main.scala. Using presentation compiler with project's scala-library version: 3.3.4
2024.11.27 21:10:44 INFO  no build target found for C:\Users\dima-\OneDrive\Desktop\то\Functional_Programming\lab1\src\main\scala\Main.scala. Using presentation compiler with project's scala-library version: 3.3.4
2024.11.27 21:10:46 INFO  no build target found for C:\Users\dima-\OneDrive\Desktop\то\Functional_Programming\lab1\src\main\scala\Main.scala. Using presentation compiler with project's scala-library version: 3.3.4
2024.11.27 21:10:57 WARN  no build target for: C:\Users\dima-\OneDrive\Desktop\то\Functional_Programming\lab1\src\main\scala\Main.scala
2024.11.27 21:10:57 INFO  no build target found for C:\Users\dima-\OneDrive\Desktop\то\Functional_Programming\lab1\src\main\scala\Main.scala. Using presentation compiler with project's scala-library version: 3.3.4
2024.11.27 21:11:00 INFO  running 'C:\Users\dima-\AppData\Local\Coursier\cache\arc\https\github.com\adoptium\temurin17-binaries\releases\download\jdk-17%252B35\OpenJDK17-jdk_x64_windows_hotspot_17_35.zip\jdk-17+35\bin\java.exe -Djline.terminal=jline.UnsupportedTerminal -Dsbt.log.noformat=true -Dfile.encoding=UTF-8 -jar C:\Users\dima-\AppData\Local\Temp\metals5294463857743659825\sbt-launch.jar -Dbloop.export-jar-classifiers=sources bloopInstall'
2024.11.27 21:11:04 INFO  [info] welcome to sbt 1.10.5 (Eclipse Adoptium Java 17)
2024.11.27 21:11:05 INFO  [info] loading settings for project lab1-build-build from metals.sbt ...
2024.11.27 21:11:05 INFO  [info] loading project definition from C:\Users\dima-\OneDrive\Desktop\п╓п÷\Functional_Programming\lab1\project\project
2024.11.27 21:11:08 INFO  [info] loading settings for project lab1-build from metals.sbt ...
2024.11.27 21:11:08 INFO  [info] loading project definition from C:\Users\dima-\OneDrive\Desktop\п╓п÷\Functional_Programming\lab1\project
2024.11.27 21:11:11 INFO  [success] Generated .bloop\lab1-build.json
2024.11.27 21:11:11 INFO  [warn] Removed stale C:\Users\dima-\OneDrive\Desktop\п╓п÷\Functional_Programming\lab1\project\.bloop\hello-world-build.json
2024.11.27 21:11:11 INFO  [success] Total time: 3 s, completed 27 п╫п╬я▐п╠. 2024 пЁ., 21:11:11
2024.11.27 21:11:12 INFO  [info] loading settings for project lab1 from build.sbt ...
2024.11.27 21:11:12 INFO  [info] set current project to hello-world (in build file:/C:/Users/dima-/OneDrive/Desktop/п╓п÷/Functional_Programming/lab1/)
2024.11.27 21:11:12 INFO  no build target found for C:\Users\dima-\OneDrive\Desktop\то\Functional_Programming\lab1\src\main\scala\Main.scala. Using presentation compiler with project's scala-library version: 3.3.4
2024.11.27 21:11:12 INFO  no build target found for C:\Users\dima-\OneDrive\Desktop\то\Functional_Programming\lab1\src\main\scala\Main.scala. Using presentation compiler with project's scala-library version: 3.3.4
2024.11.27 21:11:12 INFO  [success] Generated .bloop\lab1-test.json
2024.11.27 21:11:12 INFO  [success] Generated .bloop\lab1.json
2024.11.27 21:11:12 INFO  [warn] Removed stale C:\Users\dima-\OneDrive\Desktop\п╓п÷\Functional_Programming\lab1\.bloop\hello-world.json
2024.11.27 21:11:12 INFO  [warn] Removed stale C:\Users\dima-\OneDrive\Desktop\п╓п÷\Functional_Programming\lab1\.bloop\hello-world-test.json
2024.11.27 21:11:12 INFO  [success] Total time: 0 s, completed 27 п╫п╬я▐п╠. 2024 пЁ., 21:11:12
2024.11.27 21:11:12 INFO  time: ran 'sbt bloopInstall' in 11s
2024.11.27 21:11:12 INFO  Disconnecting from Bloop session...
2024.11.27 21:11:12 INFO  Shut down connection with build server.
2024.11.27 21:11:12 INFO  Attempting to connect to the build server...
2024.11.27 21:11:12 INFO  Found a Bloop server running
2024.11.27 21:11:12 INFO  no build target found for C:\Users\dima-\OneDrive\Desktop\то\Functional_Programming\lab1\src\main\scala\Main.scala. Using presentation compiler with project's scala-library version: 3.3.4
2024.11.27 21:11:12 INFO  tracing is disabled for protocol BSP, to enable tracing of incoming and outgoing JSON messages create an empty file at C:\Users\dima-\OneDrive\Desktop\то\Functional_Programming\.metals\bsp.trace.json or C:\Users\dima-\AppData\Local\scalameta\metals\cache\bsp.trace.json
2024.11.27 21:11:14 INFO  time: Connected to build server in 1.99s
2024.11.27 21:11:14 INFO  Connected to Build server: Bloop v2.0.5
2024.11.27 21:11:14 INFO  running doctor check
2024.11.27 21:11:14 INFO  java targets: lab1, lab1-test
2024.11.27 21:11:17 INFO  time: indexed workspace in 2.99s
2024.11.27 21:11:18 INFO  compiling lab1 (6 scala sources)
2024.11.27 21:11:21 INFO  time: compiled lab1 in 3.3s
2024.11.27 21:11:40 INFO  compiling lab1 (1 scala source)
2024.11.27 21:11:40 INFO  time: compiled lab1 in 0.64s
2024.11.27 21:11:44 INFO  no build target found for C:\Users\dima-\OneDrive\Desktop\то\Functional_Programming\lab2\src\main\scala\Main.scala. Using presentation compiler with project's scala-library version: 3.3.4
2024.11.27 21:11:44 INFO  no build target found for C:\Users\dima-\OneDrive\Desktop\то\Functional_Programming\lab2\src\main\scala\Main.scala. Using presentation compiler with project's scala-library version: 3.3.4
2024.11.27 21:11:45 INFO  no build target found for C:\Users\dima-\OneDrive\Desktop\то\Functional_Programming\lab2\src\main\scala\Main.scala. Using presentation compiler with project's scala-library version: 3.3.4
2024.11.27 21:11:45 INFO  no build target found for C:\Users\dima-\OneDrive\Desktop\то\Functional_Programming\lab2\src\main\scala\Main.scala. Using presentation compiler with project's scala-library version: 3.3.4
2024.11.27 21:11:44 INFO  no build target found for C:\Users\dima-\OneDrive\Desktop\то\Functional_Programming\lab2\src\main\scala\Main.scala. Using presentation compiler with project's scala-library version: 3.3.4
2024.11.27 21:11:45 INFO  no build target found for C:\Users\dima-\OneDrive\Desktop\то\Functional_Programming\lab2\src\main\scala\Main.scala. Using presentation compiler with project's scala-library version: 3.3.4
2024.11.27 21:11:46 WARN  no build target for: C:\Users\dima-\OneDrive\Desktop\то\Functional_Programming\lab2\src\main\scala\Main.scala
2024.11.27 21:11:46 INFO  no build target found for C:\Users\dima-\OneDrive\Desktop\то\Functional_Programming\lab2\src\main\scala\Main.scala. Using presentation compiler with project's scala-library version: 3.3.4
2024.11.27 21:11:48 INFO  no build target found for C:\Users\dima-\OneDrive\Desktop\то\Functional_Programming\lab2\src\main\scala\Main.scala. Using presentation compiler with project's scala-library version: 3.3.4
2024.11.27 21:11:48 INFO  no build target found for C:\Users\dima-\OneDrive\Desktop\то\Functional_Programming\lab2\src\main\scala\Main.scala. Using presentation compiler with project's scala-library version: 3.3.4
2024.11.27 21:11:48 INFO  no build target found for C:\Users\dima-\OneDrive\Desktop\то\Functional_Programming\lab2\src\main\scala\Main.scala. Using presentation compiler with project's scala-library version: 3.3.4
2024.11.27 21:11:48 INFO  no build target found for C:\Users\dima-\OneDrive\Desktop\то\Functional_Programming\lab2\src\main\scala\Main.scala. Using presentation compiler with project's scala-library version: 3.3.4
2024.11.27 21:11:50 INFO  no build target found for C:\Users\dima-\OneDrive\Desktop\то\Functional_Programming\lab2\src\main\scala\Main.scala. Using presentation compiler with project's scala-library version: 3.3.4
2024.11.27 21:11:59 INFO  no build target found for C:\Users\dima-\OneDrive\Desktop\то\Functional_Programming\lab2\src\main\scala\Main.scala. Using presentation compiler with project's scala-library version: 3.3.4
2024.11.27 21:11:59 INFO  no build target found for C:\Users\dima-\OneDrive\Desktop\то\Functional_Programming\lab2\src\main\scala\Main.scala. Using presentation compiler with project's scala-library version: 3.3.4
2024.11.27 21:11:59 INFO  no build target found for C:\Users\dima-\OneDrive\Desktop\то\Functional_Programming\lab2\src\main\scala\Main.scala. Using presentation compiler with project's scala-library version: 3.3.4
2024.11.27 21:12:00 INFO  no build target found for C:\Users\dima-\OneDrive\Desktop\то\Functional_Programming\lab2\src\main\scala\Main.scala. Using presentation compiler with project's scala-library version: 3.3.4
2024.11.27 21:12:00 INFO  no build target found for C:\Users\dima-\OneDrive\Desktop\то\Functional_Programming\lab2\src\main\scala\Main.scala. Using presentation compiler with project's scala-library version: 3.3.4
2024.11.27 21:12:00 INFO  no build target found for C:\Users\dima-\OneDrive\Desktop\то\Functional_Programming\lab2\src\main\scala\Main.scala. Using presentation compiler with project's scala-library version: 3.3.4
2024.11.27 21:12:00 INFO  no build target found for C:\Users\dima-\OneDrive\Desktop\то\Functional_Programming\lab2\src\main\scala\Main.scala. Using presentation compiler with project's scala-library version: 3.3.4
2024.11.27 21:12:00 INFO  no build target found for C:\Users\dima-\OneDrive\Desktop\то\Functional_Programming\lab2\src\main\scala\Main.scala. Using presentation compiler with project's scala-library version: 3.3.4
2024.11.27 21:12:00 INFO  no build target found for C:\Users\dima-\OneDrive\Desktop\то\Functional_Programming\lab2\src\main\scala\Main.scala. Using presentation compiler with project's scala-library version: 3.3.4
2024.11.27 21:12:00 ERROR C:\Users\dima-\OneDrive\Desktop\то\Functional_Programming\lab2\src\main\scala\Main.scala
scala.meta.internal.tokenizers.package$UnexpectedInputEndException
	at scala.meta.internal.tokenizers.LegacyScanner.$anonfun$nextToken$1(LegacyScanner.scala:172)
	at scala.Function0.apply$mcV$sp(Function0.scala:42)
	at scala.meta.internal.tokenizers.LegacyScanner.scala$meta$internal$tokenizers$LegacyScanner$$nextToken(LegacyScanner.scala:178)
	at scala.meta.internal.tokenizers.LegacyScanner.nextToken(LegacyScanner.scala:172)
	at scala.meta.internal.mtags.ScalaToplevelMtags$XtensionScanner.mtagsNextToken(ScalaToplevelMtags.scala:76)
	at scala.meta.internal.mtags.ScalaToplevelMtags.loop$3(ScalaToplevelMtags.scala:966)
	at scala.meta.internal.mtags.ScalaToplevelMtags.acceptWhileIndented(ScalaToplevelMtags.scala:980)
	at scala.meta.internal.mtags.ScalaToplevelMtags.loop(ScalaToplevelMtags.scala:365)
	at scala.meta.internal.mtags.ScalaToplevelMtags.indexRoot(ScalaToplevelMtags.scala:88)
	at scala.meta.internal.metals.SemanticdbDefinition$.foreachWithReturnMtags(SemanticdbDefinition.scala:81)
	at scala.meta.internal.metals.Indexer.indexSourceFile(Indexer.scala:485)
	at scala.meta.internal.metals.Indexer.$anonfun$reindexWorkspaceSources$3(Indexer.scala:583)
	at scala.meta.internal.metals.Indexer.$anonfun$reindexWorkspaceSources$3$adapted(Indexer.scala:580)
	at scala.collection.IterableOnceOps.foreach(IterableOnce.scala:619)
	at scala.collection.IterableOnceOps.foreach$(IterableOnce.scala:617)
	at scala.collection.AbstractIterator.foreach(Iterator.scala:1303)
	at scala.meta.internal.metals.Indexer.reindexWorkspaceSources(Indexer.scala:580)
	at scala.meta.internal.metals.MetalsLspService.$anonfun$onChange$2(MetalsLspService.scala:947)
	at scala.runtime.java8.JFunction0$mcV$sp.apply(JFunction0$mcV$sp.scala:18)
	at scala.concurrent.Future$.$anonfun$apply$1(Future.scala:687)
	at scala.concurrent.impl.Promise$Transformation.run(Promise.scala:467)
	at java.util.concurrent.ThreadPoolExecutor.runWorker(ThreadPoolExecutor.java:1136)
	at java.util.concurrent.ThreadPoolExecutor$Worker.run(ThreadPoolExecutor.java:635)
	at java.lang.Thread.run(Thread.java:833)

2024.11.27 21:12:00 WARN  no build target for: C:\Users\dima-\OneDrive\Desktop\то\Functional_Programming\lab2\src\main\scala\Main.scala
2024.11.27 21:12:01 INFO  no build target found for C:\Users\dima-\OneDrive\Desktop\то\Functional_Programming\lab2\src\main\scala\Main.scala. Using presentation compiler with project's scala-library version: 3.3.4
2024.11.27 21:12:01 INFO  no build target found for C:\Users\dima-\OneDrive\Desktop\то\Functional_Programming\lab2\src\main\scala\Main.scala. Using presentation compiler with project's scala-library version: 3.3.4
2024.11.27 21:12:01 INFO  no build target found for C:\Users\dima-\OneDrive\Desktop\то\Functional_Programming\lab2\src\main\scala\Main.scala. Using presentation compiler with project's scala-library version: 3.3.4
2024.11.27 21:12:01 INFO  no build target found for C:\Users\dima-\OneDrive\Desktop\то\Functional_Programming\lab2\src\main\scala\Main.scala. Using presentation compiler with project's scala-library version: 3.3.4
2024.11.27 21:12:02 INFO  no build target found for C:\Users\dima-\OneDrive\Desktop\то\Functional_Programming\lab2\src\main\scala\Main.scala. Using presentation compiler with project's scala-library version: 3.3.4
2024.11.27 21:12:01 INFO  no build target found for C:\Users\dima-\OneDrive\Desktop\то\Functional_Programming\lab2\src\main\scala\Main.scala. Using presentation compiler with project's scala-library version: 3.3.4
2024.11.27 21:12:02 INFO  no build target found for C:\Users\dima-\OneDrive\Desktop\то\Functional_Programming\lab2\src\main\scala\Main.scala. Using presentation compiler with project's scala-library version: 3.3.4
2024.11.27 21:12:02 INFO  no build target found for C:\Users\dima-\OneDrive\Desktop\то\Functional_Programming\lab2\src\main\scala\Main.scala. Using presentation compiler with project's scala-library version: 3.3.4
2024.11.27 21:12:02 INFO  no build target found for C:\Users\dima-\OneDrive\Desktop\то\Functional_Programming\lab2\src\main\scala\Main.scala. Using presentation compiler with project's scala-library version: 3.3.4
2024.11.27 21:12:02 WARN  no build target for: C:\Users\dima-\OneDrive\Desktop\то\Functional_Programming\lab2\src\main\scala\Main.scala
2024.11.27 21:12:02 INFO  no build target found for C:\Users\dima-\OneDrive\Desktop\то\Functional_Programming\lab2\src\main\scala\Main.scala. Using presentation compiler with project's scala-library version: 3.3.4
2024.11.27 21:12:04 INFO  no build target found for C:\Users\dima-\OneDrive\Desktop\то\Functional_Programming\lab2\src\main\scala\Main.scala. Using presentation compiler with project's scala-library version: 3.3.4
2024.11.27 21:12:04 INFO  no build target found for C:\Users\dima-\OneDrive\Desktop\то\Functional_Programming\lab2\src\main\scala\Main.scala. Using presentation compiler with project's scala-library version: 3.3.4
2024.11.27 21:12:05 INFO  no build target found for C:\Users\dima-\OneDrive\Desktop\то\Functional_Programming\lab2\src\main\scala\Main.scala. Using presentation compiler with project's scala-library version: 3.3.4
2024.11.27 21:12:06 INFO  no build target found for C:\Users\dima-\OneDrive\Desktop\то\Functional_Programming\lab2\src\main\scala\Main.scala. Using presentation compiler with project's scala-library version: 3.3.4
2024.11.27 21:12:06 INFO  no build target found for C:\Users\dima-\OneDrive\Desktop\то\Functional_Programming\lab2\src\main\scala\Main.scala. Using presentation compiler with project's scala-library version: 3.3.4
2024.11.27 21:12:05 INFO  no build target found for C:\Users\dima-\OneDrive\Desktop\то\Functional_Programming\lab2\src\main\scala\Main.scala. Using presentation compiler with project's scala-library version: 3.3.4
2024.11.27 21:12:06 INFO  no build target found for C:\Users\dima-\OneDrive\Desktop\то\Functional_Programming\lab2\src\main\scala\Main.scala. Using presentation compiler with project's scala-library version: 3.3.4
2024.11.27 21:12:06 WARN  no build target for: C:\Users\dima-\OneDrive\Desktop\то\Functional_Programming\lab2\src\main\scala\Main.scala
2024.11.27 21:12:06 INFO  no build target found for C:\Users\dima-\OneDrive\Desktop\то\Functional_Programming\lab2\src\main\scala\Main.scala. Using presentation compiler with project's scala-library version: 3.3.4
2024.11.27 21:12:07 INFO  no build target found for C:\Users\dima-\OneDrive\Desktop\то\Functional_Programming\lab2\src\main\scala\Main.scala. Using presentation compiler with project's scala-library version: 3.3.4
2024.11.27 21:12:06 INFO  no build target found for C:\Users\dima-\OneDrive\Desktop\то\Functional_Programming\lab2\src\main\scala\Main.scala. Using presentation compiler with project's scala-library version: 3.3.4
2024.11.27 21:12:12 INFO  no build target found for C:\Users\dima-\OneDrive\Desktop\то\Functional_Programming\lab2\src\main\scala\Main.scala. Using presentation compiler with project's scala-library version: 3.3.4
2024.11.27 21:12:13 INFO  no build target found for C:\Users\dima-\OneDrive\Desktop\то\Functional_Programming\lab2\src\main\scala\Main.scala. Using presentation compiler with project's scala-library version: 3.3.4
2024.11.27 21:12:13 INFO  no build target found for C:\Users\dima-\OneDrive\Desktop\то\Functional_Programming\lab2\src\main\scala\Main.scala. Using presentation compiler with project's scala-library version: 3.3.4
2024.11.27 21:12:12 INFO  no build target found for C:\Users\dima-\OneDrive\Desktop\то\Functional_Programming\lab2\src\main\scala\Main.scala. Using presentation compiler with project's scala-library version: 3.3.4
2024.11.27 21:12:13 INFO  no build target found for C:\Users\dima-\OneDrive\Desktop\то\Functional_Programming\lab2\src\main\scala\Main.scala. Using presentation compiler with project's scala-library version: 3.3.4
2024.11.27 21:12:13 INFO  no build target found for C:\Users\dima-\OneDrive\Desktop\то\Functional_Programming\lab2\src\main\scala\Main.scala. Using presentation compiler with project's scala-library version: 3.3.4
2024.11.27 21:12:13 WARN  no build target for: C:\Users\dima-\OneDrive\Desktop\то\Functional_Programming\lab2\src\main\scala\Main.scala
2024.11.27 21:12:13 INFO  no build target found for C:\Users\dima-\OneDrive\Desktop\то\Functional_Programming\lab2\src\main\scala\Main.scala. Using presentation compiler with project's scala-library version: 3.3.4
2024.11.27 21:12:14 INFO  no build target found for C:\Users\dima-\OneDrive\Desktop\то\Functional_Programming\lab2\src\main\scala\Main.scala. Using presentation compiler with project's scala-library version: 3.3.4
2024.11.27 21:12:14 INFO  no build target found for C:\Users\dima-\OneDrive\Desktop\то\Functional_Programming\lab2\src\main\scala\Main.scala. Using presentation compiler with project's scala-library version: 3.3.4
2024.11.27 21:12:14 WARN  no build target for: C:\Users\dima-\OneDrive\Desktop\то\Functional_Programming\lab2\src\main\scala\Main.scala
2024.11.27 21:12:14 INFO  no build target found for C:\Users\dima-\OneDrive\Desktop\то\Functional_Programming\lab2\src\main\scala\Main.scala. Using presentation compiler with project's scala-library version: 3.3.4
2024.11.27 21:12:14 INFO  no build target found for C:\Users\dima-\OneDrive\Desktop\то\Functional_Programming\lab2\src\main\scala\Main.scala. Using presentation compiler with project's scala-library version: 3.3.4
2024.11.27 21:12:14 INFO  no build target found for C:\Users\dima-\OneDrive\Desktop\то\Functional_Programming\lab2\src\main\scala\Main.scala. Using presentation compiler with project's scala-library version: 3.3.4
2024.11.27 21:12:58 INFO  no build target found for C:\Users\dima-\OneDrive\Desktop\то\Functional_Programming\lab2\src\main\scala\integral.scala. Using presentation compiler with project's scala-library version: 3.3.4
2024.11.27 21:12:58 INFO  no build target found for C:\Users\dima-\OneDrive\Desktop\то\Functional_Programming\lab2\src\main\scala\integral.scala. Using presentation compiler with project's scala-library version: 3.3.4
2024.11.27 21:12:58 INFO  no build target found for C:\Users\dima-\OneDrive\Desktop\то\Functional_Programming\lab2\src\main\scala\integral.scala. Using presentation compiler with project's scala-library version: 3.3.4
2024.11.27 21:12:58 INFO  no build target found for C:\Users\dima-\OneDrive\Desktop\то\Functional_Programming\lab2\src\main\scala\integral.scala. Using presentation compiler with project's scala-library version: 3.3.4
2024.11.27 21:12:58 WARN  no build target for: C:\Users\dima-\OneDrive\Desktop\то\Functional_Programming\lab2\src\main\scala\integral.scala
2024.11.27 21:12:58 INFO  no build target found for C:\Users\dima-\OneDrive\Desktop\то\Functional_Programming\lab2\src\main\scala\integral.scala. Using presentation compiler with project's scala-library version: 3.3.4
2024.11.27 21:12:58 INFO  no build target found for C:\Users\dima-\OneDrive\Desktop\то\Functional_Programming\lab2\src\main\scala\integral.scala. Using presentation compiler with project's scala-library version: 3.3.4
2024.11.27 21:13:01 INFO  no build target found for C:\Users\dima-\OneDrive\Desktop\то\Functional_Programming\lab2\src\main\scala\integral.scala. Using presentation compiler with project's scala-library version: 3.3.4
2024.11.27 21:13:01 INFO  no build target found for C:\Users\dima-\OneDrive\Desktop\то\Functional_Programming\lab2\src\main\scala\integral.scala. Using presentation compiler with project's scala-library version: 3.3.4
2024.11.27 21:13:01 INFO  no build target found for C:\Users\dima-\OneDrive\Desktop\то\Functional_Programming\lab2\src\main\scala\integral.scala. Using presentation compiler with project's scala-library version: 3.3.4
2024.11.27 21:13:03 INFO  no build target found for C:\Users\dima-\OneDrive\Desktop\то\Functional_Programming\lab2\src\main\scala\integral.scala. Using presentation compiler with project's scala-library version: 3.3.4
2024.11.27 21:13:03 INFO  no build target found for C:\Users\dima-\OneDrive\Desktop\то\Functional_Programming\lab2\src\main\scala\integral.scala. Using presentation compiler with project's scala-library version: 3.3.4
2024.11.27 21:13:05 INFO  no build target found for C:\Users\dima-\OneDrive\Desktop\то\Functional_Programming\lab2\src\main\scala\integral.scala. Using presentation compiler with project's scala-library version: 3.3.4
2024.11.27 21:13:20 INFO  no build target found for C:\Users\dima-\OneDrive\Desktop\то\Functional_Programming\lab2\src\main\scala\Main.scala. Using presentation compiler with project's scala-library version: 3.3.4
2024.11.27 21:13:20 INFO  no build target found for C:\Users\dima-\OneDrive\Desktop\то\Functional_Programming\lab2\src\main\scala\Main.scala. Using presentation compiler with project's scala-library version: 3.3.4
2024.11.27 21:13:21 INFO  no build target found for C:\Users\dima-\OneDrive\Desktop\то\Functional_Programming\lab2\src\main\scala\Main.scala. Using presentation compiler with project's scala-library version: 3.3.4
2024.11.27 21:13:22 INFO  no build target found for C:\Users\dima-\OneDrive\Desktop\то\Functional_Programming\lab2\src\main\scala\Main.scala. Using presentation compiler with project's scala-library version: 3.3.4
2024.11.27 21:13:22 INFO  no build target found for C:\Users\dima-\OneDrive\Desktop\то\Functional_Programming\lab2\src\main\scala\Main.scala. Using presentation compiler with project's scala-library version: 3.3.4
2024.11.27 21:13:22 INFO  no build target found for C:\Users\dima-\OneDrive\Desktop\то\Functional_Programming\lab2\src\main\scala\Main.scala. Using presentation compiler with project's scala-library version: 3.3.4
2024.11.27 21:13:22 INFO  no build target found for C:\Users\dima-\OneDrive\Desktop\то\Functional_Programming\lab2\src\main\scala\Main.scala. Using presentation compiler with project's scala-library version: 3.3.4
2024.11.27 21:13:22 INFO  no build target found for C:\Users\dima-\OneDrive\Desktop\то\Functional_Programming\lab2\src\main\scala\Main.scala. Using presentation compiler with project's scala-library version: 3.3.4
2024.11.27 21:13:22 INFO  no build target found for C:\Users\dima-\OneDrive\Desktop\то\Functional_Programming\lab2\src\main\scala\Main.scala. Using presentation compiler with project's scala-library version: 3.3.4
2024.11.27 21:13:23 INFO  no build target found for C:\Users\dima-\OneDrive\Desktop\то\Functional_Programming\lab2\src\main\scala\Main.scala. Using presentation compiler with project's scala-library version: 3.3.4
2024.11.27 21:13:23 INFO  no build target found for C:\Users\dima-\OneDrive\Desktop\то\Functional_Programming\lab2\src\main\scala\Main.scala. Using presentation compiler with project's scala-library version: 3.3.4
2024.11.27 21:13:23 WARN  no build target for: C:\Users\dima-\OneDrive\Desktop\то\Functional_Programming\lab2\src\main\scala\Main.scala
2024.11.27 21:13:22 INFO  no build target found for C:\Users\dima-\OneDrive\Desktop\то\Functional_Programming\lab2\src\main\scala\Main.scala. Using presentation compiler with project's scala-library version: 3.3.4
2024.11.27 21:13:23 INFO  no build target found for C:\Users\dima-\OneDrive\Desktop\то\Functional_Programming\lab2\src\main\scala\Main.scala. Using presentation compiler with project's scala-library version: 3.3.4
2024.11.27 21:13:22 INFO  no build target found for C:\Users\dima-\OneDrive\Desktop\то\Functional_Programming\lab2\src\main\scala\Main.scala. Using presentation compiler with project's scala-library version: 3.3.4
2024.11.27 21:13:26 INFO  no build target found for C:\Users\dima-\OneDrive\Desktop\то\Functional_Programming\lab2\src\main\scala\Main.scala. Using presentation compiler with project's scala-library version: 3.3.4
МНЪА. 27, 2024 9:13:26 PM org.eclipse.lsp4j.jsonrpc.RemoteEndpoint handleCancellation
WARNING: Unmatched cancel notification for request id 476
2024.11.27 21:13:26 WARN  no build target for: C:\Users\dima-\OneDrive\Desktop\то\Functional_Programming\lab2\src\main\scala\Main.scala
2024.11.27 21:13:26 INFO  no build target found for C:\Users\dima-\OneDrive\Desktop\то\Functional_Programming\lab2\src\main\scala\Main.scala. Using presentation compiler with project's scala-library version: 3.3.4
2024.11.27 21:13:28 INFO  no build target found for C:\Users\dima-\OneDrive\Desktop\то\Functional_Programming\lab2\build.sbt. Using presentation compiler with project's scala-library version: 3.3.4
2024.11.27 21:13:28 INFO  no build target found for C:\Users\dima-\OneDrive\Desktop\то\Functional_Programming\lab2\build.sbt. Using presentation compiler with project's scala-library version: 3.3.4
2024.11.27 21:13:28 WARN  Could not find semantic tokens for: file:///C:/Users/dima-/OneDrive/Desktop/то/Functional_Programming/lab2/build.sbt
2024.11.27 21:13:29 INFO  no build target found for C:\Users\dima-\OneDrive\Desktop\то\Functional_Programming\lab2\build.sbt. Using presentation compiler with project's scala-library version: 3.3.4
2024.11.27 21:13:29 INFO  no build target found for C:\Users\dima-\OneDrive\Desktop\то\Functional_Programming\lab2\build.sbt. Using presentation compiler with project's scala-library version: 3.3.4
2024.11.27 21:13:29 WARN  no build target for: C:\Users\dima-\OneDrive\Desktop\то\Functional_Programming\lab2\build.sbt
2024.11.27 21:13:29 INFO  no build target found for C:\Users\dima-\OneDrive\Desktop\то\Functional_Programming\lab2\build.sbt. Using presentation compiler with project's scala-library version: 3.3.4
2024.11.27 21:13:29 WARN  Could not find semantic tokens for: file:///C:/Users/dima-/OneDrive/Desktop/то/Functional_Programming/lab2/build.sbt
2024.11.27 21:13:29 INFO  no build target found for C:\Users\dima-\OneDrive\Desktop\то\Functional_Programming\lab2\build.sbt. Using presentation compiler with project's scala-library version: 3.3.4
2024.11.27 21:13:33 WARN  no build target for: C:\Users\dima-\OneDrive\Desktop\то\Functional_Programming\lab2\build.sbt
2024.11.27 21:13:33 INFO  no build target found for C:\Users\dima-\OneDrive\Desktop\то\Functional_Programming\lab2\build.sbt. Using presentation compiler with project's scala-library version: 3.3.4
2024.11.27 21:13:33 WARN  Could not find semantic tokens for: file:///C:/Users/dima-/OneDrive/Desktop/то/Functional_Programming/lab2/build.sbt
2024.11.27 21:13:35 INFO  no build target found for C:\Users\dima-\OneDrive\Desktop\то\Functional_Programming\lab2\build.sbt. Using presentation compiler with project's scala-library version: 3.3.4
2024.11.27 21:13:35 INFO  no build target found for C:\Users\dima-\OneDrive\Desktop\то\Functional_Programming\lab2\src\main\scala\Main.scala. Using presentation compiler with project's scala-library version: 3.3.4
2024.11.27 21:13:35 INFO  no build target found for C:\Users\dima-\OneDrive\Desktop\то\Functional_Programming\lab2\src\main\scala\Main.scala. Using presentation compiler with project's scala-library version: 3.3.4
2024.11.27 21:13:36 WARN  no build target for: C:\Users\dima-\OneDrive\Desktop\то\Functional_Programming\lab2\src\main\scala\Main.scala
2024.11.27 21:13:36 INFO  no build target found for C:\Users\dima-\OneDrive\Desktop\то\Functional_Programming\lab2\src\main\scala\Main.scala. Using presentation compiler with project's scala-library version: 3.3.4
2024.11.27 21:13:45 INFO  no build target found for C:\Users\dima-\OneDrive\Desktop\то\Functional_Programming\lab2\src\main\scala\Main.scala. Using presentation compiler with project's scala-library version: 3.3.4
2024.11.27 21:13:45 INFO  no build target found for C:\Users\dima-\OneDrive\Desktop\то\Functional_Programming\lab2\src\main\scala\Main.scala. Using presentation compiler with project's scala-library version: 3.3.4
2024.11.27 21:13:45 INFO  no build target found for C:\Users\dima-\OneDrive\Desktop\то\Functional_Programming\lab2\src\main\scala\Main.scala. Using presentation compiler with project's scala-library version: 3.3.4
2024.11.27 21:13:45 INFO  no build target found for C:\Users\dima-\OneDrive\Desktop\то\Functional_Programming\lab2\src\main\scala\Main.scala. Using presentation compiler with project's scala-library version: 3.3.4
2024.11.27 21:13:46 INFO  no build target found for C:\Users\dima-\OneDrive\Desktop\то\Functional_Programming\lab2\src\main\scala\Main.scala. Using presentation compiler with project's scala-library version: 3.3.4
2024.11.27 21:13:46 INFO  no build target found for C:\Users\dima-\OneDrive\Desktop\то\Functional_Programming\lab2\src\main\scala\Main.scala. Using presentation compiler with project's scala-library version: 3.3.4
2024.11.27 21:13:49 INFO  no build target found for C:\Users\dima-\OneDrive\Desktop\то\Functional_Programming\lab2\src\main\scala\Main.scala. Using presentation compiler with project's scala-library version: 3.3.4
2024.11.27 21:13:49 INFO  no build target found for C:\Users\dima-\OneDrive\Desktop\то\Functional_Programming\lab2\src\main\scala\Main.scala. Using presentation compiler with project's scala-library version: 3.3.4
2024.11.27 21:13:49 INFO  no build target found for C:\Users\dima-\OneDrive\Desktop\то\Functional_Programming\lab2\src\main\scala\Main.scala. Using presentation compiler with project's scala-library version: 3.3.4
2024.11.27 21:13:49 INFO  no build target found for C:\Users\dima-\OneDrive\Desktop\то\Functional_Programming\lab2\src\main\scala\Main.scala. Using presentation compiler with project's scala-library version: 3.3.4
2024.11.27 21:13:49 INFO  no build target found for C:\Users\dima-\OneDrive\Desktop\то\Functional_Programming\lab2\src\main\scala\Main.scala. Using presentation compiler with project's scala-library version: 3.3.4
2024.11.27 21:13:49 WARN  no build target for: C:\Users\dima-\OneDrive\Desktop\то\Functional_Programming\lab2\src\main\scala\Main.scala
2024.11.27 21:13:49 INFO  no build target found for C:\Users\dima-\OneDrive\Desktop\то\Functional_Programming\lab2\src\main\scala\Main.scala. Using presentation compiler with project's scala-library version: 3.3.4
2024.11.27 21:13:56 INFO  no build target found for C:\Users\dima-\OneDrive\Desktop\то\Functional_Programming\lab2\src\main\scala\Main.scala. Using presentation compiler with project's scala-library version: 3.3.4
2024.11.27 21:13:56 INFO  no build target found for C:\Users\dima-\OneDrive\Desktop\то\Functional_Programming\lab2\src\main\scala\Main.scala. Using presentation compiler with project's scala-library version: 3.3.4
2024.11.27 21:13:56 INFO  no build target found for C:\Users\dima-\OneDrive\Desktop\то\Functional_Programming\lab2\src\main\scala\Main.scala. Using presentation compiler with project's scala-library version: 3.3.4
2024.11.27 21:13:56 INFO  no build target found for C:\Users\dima-\OneDrive\Desktop\то\Functional_Programming\lab2\src\main\scala\Main.scala. Using presentation compiler with project's scala-library version: 3.3.4
2024.11.27 21:13:56 INFO  no build target found for C:\Users\dima-\OneDrive\Desktop\то\Functional_Programming\lab2\src\main\scala\Main.scala. Using presentation compiler with project's scala-library version: 3.3.4
2024.11.27 21:13:56 INFO  no build target found for C:\Users\dima-\OneDrive\Desktop\то\Functional_Programming\lab2\src\main\scala\Main.scala. Using presentation compiler with project's scala-library version: 3.3.4
2024.11.27 21:13:57 WARN  no build target for: C:\Users\dima-\OneDrive\Desktop\то\Functional_Programming\lab2\src\main\scala\Main.scala
2024.11.27 21:13:57 INFO  no build target found for C:\Users\dima-\OneDrive\Desktop\то\Functional_Programming\lab2\src\main\scala\Main.scala. Using presentation compiler with project's scala-library version: 3.3.4
2024.11.27 21:13:59 WARN  no build target for: C:\Users\dima-\OneDrive\Desktop\то\Functional_Programming\lab2\src\main\scala\Main.scala
2024.11.27 21:13:59 INFO  no build target found for C:\Users\dima-\OneDrive\Desktop\то\Functional_Programming\lab2\src\main\scala\Main.scala. Using presentation compiler with project's scala-library version: 3.3.4
2024.11.27 21:14:02 INFO  no build target found for C:\Users\dima-\OneDrive\Desktop\то\Functional_Programming\lab2\src\main\scala\Main.scala. Using presentation compiler with project's scala-library version: 3.3.4
2024.11.27 21:14:02 INFO  no build target found for C:\Users\dima-\OneDrive\Desktop\то\Functional_Programming\lab2\src\main\scala\Main.scala. Using presentation compiler with project's scala-library version: 3.3.4
2024.11.27 21:14:02 INFO  no build target found for C:\Users\dima-\OneDrive\Desktop\то\Functional_Programming\lab2\src\main\scala\Main.scala. Using presentation compiler with project's scala-library version: 3.3.4
2024.11.27 21:14:03 INFO  no build target found for C:\Users\dima-\OneDrive\Desktop\то\Functional_Programming\lab2\src\main\scala\Main.scala. Using presentation compiler with project's scala-library version: 3.3.4
2024.11.27 21:14:03 INFO  no build target found for C:\Users\dima-\OneDrive\Desktop\то\Functional_Programming\lab2\src\main\scala\Main.scala. Using presentation compiler with project's scala-library version: 3.3.4
2024.11.27 21:14:03 INFO  no build target found for C:\Users\dima-\OneDrive\Desktop\то\Functional_Programming\lab2\src\main\scala\Main.scala. Using presentation compiler with project's scala-library version: 3.3.4
2024.11.27 21:14:03 INFO  no build target found for C:\Users\dima-\OneDrive\Desktop\то\Functional_Programming\lab2\src\main\scala\Main.scala. Using presentation compiler with project's scala-library version: 3.3.4
2024.11.27 21:14:03 INFO  no build target found for C:\Users\dima-\OneDrive\Desktop\то\Functional_Programming\lab2\src\main\scala\Main.scala. Using presentation compiler with project's scala-library version: 3.3.4
2024.11.27 21:14:03 WARN  no build target for: C:\Users\dima-\OneDrive\Desktop\то\Functional_Programming\lab2\src\main\scala\Main.scala
2024.11.27 21:14:03 INFO  no build target found for C:\Users\dima-\OneDrive\Desktop\то\Functional_Programming\lab2\src\main\scala\Main.scala. Using presentation compiler with project's scala-library version: 3.3.4
2024.11.27 21:14:03 INFO  no build target found for C:\Users\dima-\OneDrive\Desktop\то\Functional_Programming\lab2\src\main\scala\Main.scala. Using presentation compiler with project's scala-library version: 3.3.4
2024.11.27 21:14:07 INFO  no build target found for C:\Users\dima-\OneDrive\Desktop\то\Functional_Programming\lab2\src\main\scala\Main.scala. Using presentation compiler with project's scala-library version: 3.3.4
2024.11.27 21:14:08 INFO  no build target found for C:\Users\dima-\OneDrive\Desktop\то\Functional_Programming\lab2\src\main\scala\Main.scala. Using presentation compiler with project's scala-library version: 3.3.4
2024.11.27 21:14:10 WARN  no build target for: C:\Users\dima-\OneDrive\Desktop\то\Functional_Programming\lab2\src\main\scala\integral.scala
2024.11.27 21:14:10 WARN  no build target for: C:\Users\dima-\OneDrive\Desktop\то\Functional_Programming\lab2\src\main\scala\Main.scala
2024.11.27 21:14:10 INFO  no build target found for C:\Users\dima-\OneDrive\Desktop\то\Functional_Programming\lab2\src\main\scala\Main.scala. Using presentation compiler with project's scala-library version: 3.3.4
2024.11.27 21:14:25 WARN  no build target for: C:\Users\dima-\OneDrive\Desktop\то\Functional_Programming\lab2\src\main\scala\integral.scala
2024.11.27 21:14:25 WARN  no build target for: C:\Users\dima-\OneDrive\Desktop\то\Functional_Programming\lab2\src\main\scala\Main.scala
2024.11.27 21:14:25 INFO  no build target found for C:\Users\dima-\OneDrive\Desktop\то\Functional_Programming\lab2\src\main\scala\Main.scala. Using presentation compiler with project's scala-library version: 3.3.4
2024.11.27 21:14:25 WARN  no build target for: C:\Users\dima-\OneDrive\Desktop\то\Functional_Programming\lab2\src\main\scala\Main.scala
2024.11.27 21:14:25 WARN  no build target for: C:\Users\dima-\OneDrive\Desktop\то\Functional_Programming\lab2\src\main\scala\integral.scala
2024.11.27 21:14:25 INFO  no build target found for C:\Users\dima-\OneDrive\Desktop\то\Functional_Programming\lab2\src\main\scala\Main.scala. Using presentation compiler with project's scala-library version: 3.3.4
2024.11.27 21:14:30 INFO  Disconnecting from Bloop session...
2024.11.27 21:14:30 INFO  Shut down connection with build server.
2024.11.27 21:14:31 INFO  Attempting to connect to the build server...
2024.11.27 21:14:31 INFO  No running Bloop server found, starting one.
2024.11.27 21:14:32 INFO  Starting compilation server
2024.11.27 21:14:37 INFO  tracing is disabled for protocol BSP, to enable tracing of incoming and outgoing JSON messages create an empty file at C:\Users\dima-\OneDrive\Desktop\то\Functional_Programming\.metals\bsp.trace.json or C:\Users\dima-\AppData\Local\scalameta\metals\cache\bsp.trace.json
2024.11.27 21:14:37 INFO  no build target found for C:\Users\dima-\OneDrive\Desktop\то\Functional_Programming\lab2\src\main\scala\integral.scala. Using presentation compiler with project's scala-library version: 3.3.4
2024.11.27 21:14:37 INFO  no build target found for C:\Users\dima-\OneDrive\Desktop\то\Functional_Programming\lab2\src\main\scala\integral.scala. Using presentation compiler with project's scala-library version: 3.3.4
2024.11.27 21:14:37 INFO  no build target found for C:\Users\dima-\OneDrive\Desktop\то\Functional_Programming\lab2\src\main\scala\integral.scala. Using presentation compiler with project's scala-library version: 3.3.4
2024.11.27 21:14:38 INFO  no build target found for C:\Users\dima-\OneDrive\Desktop\то\Functional_Programming\lab2\src\main\scala\integral.scala. Using presentation compiler with project's scala-library version: 3.3.4
2024.11.27 21:14:39 INFO  no build target found for C:\Users\dima-\OneDrive\Desktop\то\Functional_Programming\lab2\src\main\scala\Main.scala. Using presentation compiler with project's scala-library version: 3.3.4
2024.11.27 21:14:39 INFO  time: Connected to build server in 8.02s
2024.11.27 21:14:39 INFO  Connected to Build server: Bloop v2.0.5
2024.11.27 21:14:39 INFO  running doctor check
2024.11.27 21:14:39 INFO  java targets: lab1, lab1-test
2024.11.27 21:14:39 INFO  no build target found for C:\Users\dima-\OneDrive\Desktop\то\Functional_Programming\lab2\src\main\scala\Main.scala. Using presentation compiler with project's scala-library version: 3.3.4
2024.11.27 21:14:39 INFO  no build target found for C:\Users\dima-\OneDrive\Desktop\то\Functional_Programming\lab2\src\main\scala\Main.scala. Using presentation compiler with project's scala-library version: 3.3.4
2024.11.27 21:14:39 INFO  time: indexed workspace in 0.86s
2024.11.27 21:14:39 WARN  no build target for: C:\Users\dima-\OneDrive\Desktop\то\Functional_Programming\lab2\src\main\scala\Main.scala
2024.11.27 21:14:40 WARN  no build target for: C:\Users\dima-\OneDrive\Desktop\то\Functional_Programming\lab2\src\main\scala\integral.scala
2024.11.27 21:14:41 INFO  no build target found for C:\Users\dima-\OneDrive\Desktop\то\Functional_Programming\lab2\src\main\scala\Main.scala. Using presentation compiler with project's scala-library version: 3.3.4
2024.11.27 21:14:42 INFO  no build target found for C:\Users\dima-\OneDrive\Desktop\то\Functional_Programming\lab2\src\main\scala\Main.scala. Using presentation compiler with project's scala-library version: 3.3.4
2024.11.27 21:14:45 INFO  running 'C:\Users\dima-\AppData\Local\Coursier\cache\arc\https\github.com\adoptium\temurin17-binaries\releases\download\jdk-17%252B35\OpenJDK17-jdk_x64_windows_hotspot_17_35.zip\jdk-17+35\bin\java.exe -Djline.terminal=jline.UnsupportedTerminal -Dsbt.log.noformat=true -Dfile.encoding=UTF-8 -jar C:\Users\dima-\AppData\Local\Temp\metals4599596543849827360\sbt-launch.jar -Dbloop.export-jar-classifiers=sources bloopInstall'
2024.11.27 21:14:48 INFO  [info] welcome to sbt 1.10.5 (Eclipse Adoptium Java 17)
2024.11.27 21:14:48 INFO  [info] loading settings for project lab1-build-build from metals.sbt ...
2024.11.27 21:14:48 INFO  [info] loading project definition from C:\Users\dima-\OneDrive\Desktop\п╓п÷\Functional_Programming\lab1\project\project
2024.11.27 21:14:50 INFO  [info] loading settings for project lab1-build from metals.sbt ...
2024.11.27 21:14:50 INFO  [info] loading project definition from C:\Users\dima-\OneDrive\Desktop\п╓п÷\Functional_Programming\lab1\project
2024.11.27 21:14:52 INFO  [success] Generated .bloop\lab1-build.json
2024.11.27 21:14:52 INFO  [success] Total time: 2 s, completed 27 п╫п╬я▐п╠. 2024 пЁ., 21:14:52
2024.11.27 21:14:52 INFO  [info] loading settings for project lab1 from build.sbt ...
2024.11.27 21:14:52 INFO  [info] set current project to hello-world (in build file:/C:/Users/dima-/OneDrive/Desktop/п╓п÷/Functional_Programming/lab1/)
2024.11.27 21:14:52 INFO  no build target found for C:\Users\dima-\OneDrive\Desktop\то\Functional_Programming\lab2\src\main\scala\Main.scala. Using presentation compiler with project's scala-library version: 3.3.4
2024.11.27 21:14:52 INFO  [success] Generated .bloop\lab1.json
2024.11.27 21:14:52 INFO  [success] Generated .bloop\lab1-test.json
2024.11.27 21:14:52 INFO  [success] Total time: 0 s, completed 27 п╫п╬я▐п╠. 2024 пЁ., 21:14:53
2024.11.27 21:14:53 INFO  no build target found for C:\Users\dima-\OneDrive\Desktop\то\Functional_Programming\lab2\src\main\scala\Main.scala. Using presentation compiler with project's scala-library version: 3.3.4
2024.11.27 21:14:53 INFO  time: ran 'sbt bloopInstall' in 7.93s
2024.11.27 21:14:53 INFO  Disconnecting from Bloop session...
2024.11.27 21:14:53 INFO  Shut down connection with build server.
2024.11.27 21:14:53 INFO  Attempting to connect to the build server...
2024.11.27 21:14:53 INFO  Found a Bloop server running
2024.11.27 21:14:53 INFO  tracing is disabled for protocol BSP, to enable tracing of incoming and outgoing JSON messages create an empty file at C:\Users\dima-\OneDrive\Desktop\то\Functional_Programming\.metals\bsp.trace.json or C:\Users\dima-\AppData\Local\scalameta\metals\cache\bsp.trace.json
2024.11.27 21:14:53 INFO  time: Connected to build server in 0.39s
2024.11.27 21:14:53 INFO  Connected to Build server: Bloop v2.0.5
2024.11.27 21:14:53 INFO  running doctor check
2024.11.27 21:14:53 INFO  java targets: lab1, lab1-test
2024.11.27 21:14:53 INFO  time: indexed workspace in 0.77s
2024.11.27 21:14:54 WARN  no build target for: C:\Users\dima-\OneDrive\Desktop\то\Functional_Programming\lab2\src\main\scala\integral.scala
2024.11.27 21:14:54 WARN  no build target for: C:\Users\dima-\OneDrive\Desktop\то\Functional_Programming\lab2\src\main\scala\Main.scala
2024.11.27 21:14:54 INFO  no build target found for C:\Users\dima-\OneDrive\Desktop\то\Functional_Programming\lab2\src\main\scala\Main.scala. Using presentation compiler with project's scala-library version: 3.3.4
2024.11.27 21:14:54 INFO  no build target found for C:\Users\dima-\OneDrive\Desktop\то\Functional_Programming\lab2\src\main\scala\Main.scala. Using presentation compiler with project's scala-library version: 3.3.4
2024.11.27 21:15:05 INFO  no build target found for C:\Users\dima-\OneDrive\Desktop\то\Functional_Programming\lab2\src\main\scala\Main.scala. Using presentation compiler with project's scala-library version: 3.3.4
2024.11.27 21:15:06 INFO  no build target found for C:\Users\dima-\OneDrive\Desktop\то\Functional_Programming\lab2\src\main\scala\Main.scala. Using presentation compiler with project's scala-library version: 3.3.4
2024.11.27 21:15:16 WARN  no build target for: C:\Users\dima-\OneDrive\Desktop\то\Functional_Programming\lab2\src\main\scala\main.scala
2024.11.27 21:15:16 INFO  no build target found for C:\Users\dima-\OneDrive\Desktop\то\Functional_Programming\lab2\src\main\scala\main.scala. Using presentation compiler with project's scala-library version: 3.3.4
2024.11.27 21:15:24 INFO  no build target found for C:\Users\dima-\OneDrive\Desktop\то\Functional_Programming\lab1\build.sbt. Using presentation compiler with project's scala-library version: 3.3.4
2024.11.27 21:15:24 INFO  no build target found for C:\Users\dima-\OneDrive\Desktop\то\Functional_Programming\lab1\build.sbt. Using presentation compiler with project's scala-library version: 3.3.4
2024.11.27 21:15:24 WARN  Could not find semantic tokens for: file:///C:/Users/dima-/OneDrive/Desktop/то/Functional_Programming/lab1/build.sbt
2024.11.27 21:15:27 INFO  no build target found for C:\Users\dima-\OneDrive\Desktop\то\Functional_Programming\lab2\build.sbt. Using presentation compiler with project's scala-library version: 3.3.4
2024.11.27 21:15:27 INFO  no build target found for C:\Users\dima-\OneDrive\Desktop\то\Functional_Programming\lab2\build.sbt. Using presentation compiler with project's scala-library version: 3.3.4
2024.11.27 21:15:27 INFO  no build target found for C:\Users\dima-\OneDrive\Desktop\то\Functional_Programming\lab2\build.sbt. Using presentation compiler with project's scala-library version: 3.3.4
2024.11.27 21:15:27 WARN  Could not find semantic tokens for: file:///C:/Users/dima-/OneDrive/Desktop/то/Functional_Programming/lab2/build.sbt
2024.11.27 21:15:27 INFO  no build target found for C:\Users\dima-\OneDrive\Desktop\то\Functional_Programming\lab2\build.sbt. Using presentation compiler with project's scala-library version: 3.3.4
2024.11.27 21:15:28 INFO  no build target found for C:\Users\dima-\OneDrive\Desktop\то\Functional_Programming\lab2\build.sbt. Using presentation compiler with project's scala-library version: 3.3.4
2024.11.27 21:15:31 INFO  no build target found for C:\Users\dima-\OneDrive\Desktop\то\Functional_Programming\lab1\build.sbt. Using presentation compiler with project's scala-library version: 3.3.4
2024.11.27 21:15:31 INFO  no build target found for C:\Users\dima-\OneDrive\Desktop\то\Functional_Programming\lab2\build.sbt. Using presentation compiler with project's scala-library version: 3.3.4
2024.11.27 21:15:31 INFO  no build target found for C:\Users\dima-\OneDrive\Desktop\то\Functional_Programming\lab2\src\main\scala\main.scala. Using presentation compiler with project's scala-library version: 3.3.4
2024.11.27 21:15:32 INFO  no build target found for C:\Users\dima-\OneDrive\Desktop\то\Functional_Programming\lab2\src\main\scala\main.scala. Using presentation compiler with project's scala-library version: 3.3.4
2024.11.27 21:15:39 INFO  no build target found for C:\Users\dima-\OneDrive\Desktop\то\Functional_Programming\lab2\src\main\scala\main.scala. Using presentation compiler with project's scala-library version: 3.3.4
2024.11.27 21:15:39 INFO  no build target found for C:\Users\dima-\OneDrive\Desktop\то\Functional_Programming\lab2\src\main\scala\main.scala. Using presentation compiler with project's scala-library version: 3.3.4
2024.11.27 21:15:42 INFO  no build target found for C:\Users\dima-\OneDrive\Desktop\то\Functional_Programming\lab2\src\main\scala\main.scala. Using presentation compiler with project's scala-library version: 3.3.4
2024.11.27 21:15:43 INFO  no build target found for C:\Users\dima-\OneDrive\Desktop\то\Functional_Programming\lab2\src\main\scala\main.scala. Using presentation compiler with project's scala-library version: 3.3.4
2024.11.27 21:15:49 INFO  no build target found for C:\Users\dima-\OneDrive\Desktop\то\Functional_Programming\lab2\src\main\scala\main.scala. Using presentation compiler with project's scala-library version: 3.3.4
2024.11.27 21:15:49 INFO  no build target found for C:\Users\dima-\OneDrive\Desktop\то\Functional_Programming\lab2\src\main\scala\main.scala. Using presentation compiler with project's scala-library version: 3.3.4
2024.11.27 21:15:50 WARN  no build target for: C:\Users\dima-\OneDrive\Desktop\то\Functional_Programming\lab2\src\main\scala\main.scala
2024.11.27 21:15:49 INFO  no build target found for C:\Users\dima-\OneDrive\Desktop\то\Functional_Programming\lab2\src\main\scala\main.scala. Using presentation compiler with project's scala-library version: 3.3.4
2024.11.27 21:16:06 INFO  no build target found for C:\Users\dima-\OneDrive\Desktop\то\Functional_Programming\lab2\src\main\scala\main.scala. Using presentation compiler with project's scala-library version: 3.3.4
2024.11.27 21:16:06 INFO  no build target found for C:\Users\dima-\OneDrive\Desktop\то\Functional_Programming\lab2\src\main\scala\main.scala. Using presentation compiler with project's scala-library version: 3.3.4
2024.11.27 21:16:06 INFO  no build target found for C:\Users\dima-\OneDrive\Desktop\то\Functional_Programming\lab2\src\main\scala\main.scala. Using presentation compiler with project's scala-library version: 3.3.4
2024.11.27 21:16:06 INFO  no build target found for C:\Users\dima-\OneDrive\Desktop\то\Functional_Programming\lab2\src\main\scala\main.scala. Using presentation compiler with project's scala-library version: 3.3.4
2024.11.27 21:16:06 INFO  no build target found for C:\Users\dima-\OneDrive\Desktop\то\Functional_Programming\lab2\src\main\scala\main.scala. Using presentation compiler with project's scala-library version: 3.3.4
2024.11.27 21:16:08 INFO  no build target found for C:\Users\dima-\OneDrive\Desktop\то\Functional_Programming\lab2\src\main\scala\main.scala. Using presentation compiler with project's scala-library version: 3.3.4
2024.11.27 21:16:08 INFO  no build target found for C:\Users\dima-\OneDrive\Desktop\то\Functional_Programming\lab2\src\main\scala\main.scala. Using presentation compiler with project's scala-library version: 3.3.4
2024.11.27 21:16:08 INFO  no build target found for C:\Users\dima-\OneDrive\Desktop\то\Functional_Programming\lab2\src\main\scala\main.scala. Using presentation compiler with project's scala-library version: 3.3.4
2024.11.27 21:16:08 INFO  no build target found for C:\Users\dima-\OneDrive\Desktop\то\Functional_Programming\lab2\src\main\scala\main.scala. Using presentation compiler with project's scala-library version: 3.3.4
2024.11.27 21:16:09 INFO  no build target found for C:\Users\dima-\OneDrive\Desktop\то\Functional_Programming\lab2\src\main\scala\main.scala. Using presentation compiler with project's scala-library version: 3.3.4
2024.11.27 21:16:08 INFO  no build target found for C:\Users\dima-\OneDrive\Desktop\то\Functional_Programming\lab2\src\main\scala\main.scala. Using presentation compiler with project's scala-library version: 3.3.4
2024.11.27 21:16:09 INFO  no build target found for C:\Users\dima-\OneDrive\Desktop\то\Functional_Programming\lab2\src\main\scala\main.scala. Using presentation compiler with project's scala-library version: 3.3.4
2024.11.27 21:16:08 INFO  no build target found for C:\Users\dima-\OneDrive\Desktop\то\Functional_Programming\lab2\src\main\scala\main.scala. Using presentation compiler with project's scala-library version: 3.3.4
2024.11.27 21:16:08 INFO  no build target found for C:\Users\dima-\OneDrive\Desktop\то\Functional_Programming\lab2\src\main\scala\main.scala. Using presentation compiler with project's scala-library version: 3.3.4
2024.11.27 21:16:09 INFO  no build target found for C:\Users\dima-\OneDrive\Desktop\то\Functional_Programming\lab2\src\main\scala\main.scala. Using presentation compiler with project's scala-library version: 3.3.4
2024.11.27 21:16:08 INFO  no build target found for C:\Users\dima-\OneDrive\Desktop\то\Functional_Programming\lab2\src\main\scala\main.scala. Using presentation compiler with project's scala-library version: 3.3.4
2024.11.27 21:16:09 INFO  no build target found for C:\Users\dima-\OneDrive\Desktop\то\Functional_Programming\lab2\src\main\scala\main.scala. Using presentation compiler with project's scala-library version: 3.3.4
2024.11.27 21:16:09 INFO  no build target found for C:\Users\dima-\OneDrive\Desktop\то\Functional_Programming\lab2\src\main\scala\main.scala. Using presentation compiler with project's scala-library version: 3.3.4
2024.11.27 21:16:09 INFO  no build target found for C:\Users\dima-\OneDrive\Desktop\то\Functional_Programming\lab2\src\main\scala\main.scala. Using presentation compiler with project's scala-library version: 3.3.4
2024.11.27 21:16:10 WARN  no build target for: C:\Users\dima-\OneDrive\Desktop\то\Functional_Programming\lab2\src\main\scala\main.scala
2024.11.27 21:16:10 INFO  no build target found for C:\Users\dima-\OneDrive\Desktop\то\Functional_Programming\lab2\src\main\scala\main.scala. Using presentation compiler with project's scala-library version: 3.3.4
2024.11.27 21:16:09 INFO  no build target found for C:\Users\dima-\OneDrive\Desktop\то\Functional_Programming\lab2\src\main\scala\main.scala. Using presentation compiler with project's scala-library version: 3.3.4
2024.11.27 21:16:10 INFO  no build target found for C:\Users\dima-\OneDrive\Desktop\то\Functional_Programming\lab2\src\main\scala\main.scala. Using presentation compiler with project's scala-library version: 3.3.4
2024.11.27 21:16:11 WARN  no build target for: C:\Users\dima-\OneDrive\Desktop\то\Functional_Programming\lab2\src\main\scala\main.scala
2024.11.27 21:16:11 INFO  no build target found for C:\Users\dima-\OneDrive\Desktop\то\Functional_Programming\lab2\src\main\scala\main.scala. Using presentation compiler with project's scala-library version: 3.3.4
2024.11.27 21:16:45 INFO  Shutting down server
2024.11.27 21:16:45 INFO  shutting down Metals
2024.11.27 21:16:45 INFO  Shut down connection with build server.
2024.11.27 21:16:45 INFO  Exiting server
2024.11.27 21:17:00 INFO  Started: Metals version 1.4.1 in folders 'C:\Users\dima-\OneDrive\Desktop\то\Functional_Programming' for client Visual Studio Code 1.95.3.
2024.11.27 21:17:00 WARN  Flyway upgrade recommended: H2 2.3.232 is newer than this version of Flyway and support has not been tested. The latest supported version of H2 is 2.2.224.
2024.11.27 21:17:01 INFO  Attempting to connect to the build server...
2024.11.27 21:17:01 INFO  Found a Bloop server running
2024.11.27 21:17:01 INFO  tracing is disabled for protocol BSP, to enable tracing of incoming and outgoing JSON messages create an empty file at C:\Users\dima-\OneDrive\Desktop\то\Functional_Programming\.metals\bsp.trace.json or C:\Users\dima-\AppData\Local\scalameta\metals\cache\bsp.trace.json
2024.11.27 21:17:01 INFO  time: Connected to build server in 0.62s
2024.11.27 21:17:01 INFO  Connected to Build server: Bloop v2.0.5
2024.11.27 21:17:01 INFO  running doctor check
2024.11.27 21:17:01 INFO  java targets: lab1, lab1-test
2024.11.27 21:17:03 INFO  no build target found for C:\Users\dima-\OneDrive\Desktop\то\Functional_Programming\lab2\src\main\scala\main.scala. Using presentation compiler with project's scala-library version: 3.3.4
2024.11.27 21:17:03 WARN  Flyway upgrade recommended: H2 2.3.232 is newer than this version of Flyway and support has not been tested. The latest supported version of H2 is 2.2.224.
2024.11.27 21:17:03 INFO  time: indexed workspace in 2.44s
2024.11.27 21:17:04 WARN  no build target for: C:\Users\dima-\OneDrive\Desktop\то\Functional_Programming\lab2\build.sbt
2024.11.27 21:17:04 WARN  no build target for: C:\Users\dima-\OneDrive\Desktop\то\Functional_Programming\lab2\src\main\scala\main.scala
МНЪА. 27, 2024 9:17:04 PM org.eclipse.lsp4j.jsonrpc.RemoteEndpoint handleCancellation
WARNING: Unmatched cancel notification for request id 8
МНЪА. 27, 2024 9:17:04 PM org.eclipse.lsp4j.jsonrpc.RemoteEndpoint handleCancellation
WARNING: Unmatched cancel notification for request id 11
МНЪА. 27, 2024 9:17:04 PM org.eclipse.lsp4j.jsonrpc.RemoteEndpoint handleCancellation
WARNING: Unmatched cancel notification for request id 7
2024.11.27 21:17:03 INFO  no build target found for C:\Users\dima-\OneDrive\Desktop\то\Functional_Programming\lab2\src\main\scala\main.scala. Using presentation compiler with project's scala-library version: 3.3.4
2024.11.27 21:17:04 INFO  no build target found for C:\Users\dima-\OneDrive\Desktop\то\Functional_Programming\lab2\build.sbt. Using presentation compiler with project's scala-library version: 3.3.4
2024.11.27 21:17:05 INFO  no build target found for C:\Users\dima-\OneDrive\Desktop\то\Functional_Programming\lab2\src\main\scala\main.scala. Using presentation compiler with project's scala-library version: 3.3.4
2024.11.27 21:17:05 INFO  time: code lens generation in 1.05s
2024.11.27 21:17:05 INFO  time: code lens generation in 1.05s
2024.11.27 21:17:06 INFO  no build target found for C:\Users\dima-\OneDrive\Desktop\то\Functional_Programming\lab2\build.sbt. Using presentation compiler with project's scala-library version: 3.3.4
2024.11.27 21:17:07 INFO  no build target found for C:\Users\dima-\OneDrive\Desktop\то\Functional_Programming\lab2\src\main\scala\main.scala. Using presentation compiler with project's scala-library version: 3.3.4
2024.11.27 21:17:08 INFO  no build target found for C:\Users\dima-\OneDrive\Desktop\то\Functional_Programming\lab2\src\main\scala\main.scala. Using presentation compiler with project's scala-library version: 3.3.4
2024.11.27 21:17:09 WARN  no build target for: C:\Users\dima-\OneDrive\Desktop\то\Functional_Programming\lab2\src\main\scala\main.scala
2024.11.27 21:17:09 INFO  no build target found for C:\Users\dima-\OneDrive\Desktop\то\Functional_Programming\lab2\src\main\scala\main.scala. Using presentation compiler with project's scala-library version: 3.3.4
2024.11.27 21:17:14 INFO  no build target found for C:\Users\dima-\OneDrive\Desktop\то\Functional_Programming\lab2\src\main\scala\main.scala. Using presentation compiler with project's scala-library version: 3.3.4
2024.11.27 21:17:15 INFO  no build target found for C:\Users\dima-\OneDrive\Desktop\то\Functional_Programming\lab2\src\main\scala\main.scala. Using presentation compiler with project's scala-library version: 3.3.4
2024.11.27 21:17:34 INFO  no build target found for C:\Users\dima-\OneDrive\Desktop\то\Functional_Programming\lab1\project\project\metals.sbt. Using presentation compiler with project's scala-library version: 3.3.4
2024.11.27 21:17:34 INFO  no build target found for C:\Users\dima-\OneDrive\Desktop\то\Functional_Programming\lab1\project\project\metals.sbt. Using presentation compiler with project's scala-library version: 3.3.4
2024.11.27 21:17:34 INFO  no build target found for C:\Users\dima-\OneDrive\Desktop\то\Functional_Programming\lab1\project\project\metals.sbt. Using presentation compiler with project's scala-library version: 3.3.4
2024.11.27 21:17:34 WARN  Could not find semantic tokens for: file:///C:/Users/dima-/OneDrive/Desktop/то/Functional_Programming/lab1/project/project/metals.sbt
2024.11.27 21:17:34 INFO  no build target found for C:\Users\dima-\OneDrive\Desktop\то\Functional_Programming\lab1\project\project\metals.sbt. Using presentation compiler with project's scala-library version: 3.3.4
2024.11.27 21:17:49 INFO  Shutting down server
2024.11.27 21:17:49 INFO  shutting down Metals
2024.11.27 21:17:49 INFO  Shut down connection with build server.
2024.11.27 21:17:49 INFO  Exiting server
2024.11.27 21:26:14 INFO  Started: Metals version 1.4.1 in folders 'C:\Users\dima-\OneDrive\Desktop\то\Functional_Programming' for client Visual Studio Code 1.95.3.
2024.11.27 21:26:14 WARN  Flyway upgrade recommended: H2 2.3.232 is newer than this version of Flyway and support has not been tested. The latest supported version of H2 is 2.2.224.
2024.11.27 21:26:15 INFO  Attempting to connect to the build server...
2024.11.27 21:26:15 INFO  Found a Bloop server running
2024.11.27 21:26:15 INFO  tracing is disabled for protocol BSP, to enable tracing of incoming and outgoing JSON messages create an empty file at C:\Users\dima-\OneDrive\Desktop\то\Functional_Programming\.metals\bsp.trace.json or C:\Users\dima-\AppData\Local\scalameta\metals\cache\bsp.trace.json
2024.11.27 21:26:15 INFO  time: Connected to build server in 0.58s
2024.11.27 21:26:15 INFO  Connected to Build server: Bloop v2.0.5
2024.11.27 21:26:15 INFO  running doctor check
2024.11.27 21:26:15 INFO  java targets: lab1, lab1-test
2024.11.27 21:26:16 INFO  no build target found for C:\Users\dima-\OneDrive\Desktop\то\Functional_Programming\lab2\src\main\scala\main.scala. Using presentation compiler with project's scala-library version: 3.3.4
2024.11.27 21:26:17 INFO  no build target found for C:\Users\dima-\OneDrive\Desktop\то\Functional_Programming\lab2\src\main\scala\main.scala. Using presentation compiler with project's scala-library version: 3.3.4
2024.11.27 21:26:17 WARN  Flyway upgrade recommended: H2 2.3.232 is newer than this version of Flyway and support has not been tested. The latest supported version of H2 is 2.2.224.
2024.11.27 21:26:17 INFO  no build target found for C:\Users\dima-\OneDrive\Desktop\то\Functional_Programming\lab1\project\project\metals.sbt. Using presentation compiler with project's scala-library version: 3.3.4
2024.11.27 21:26:17 INFO  time: indexed workspace in 2.48s
2024.11.27 21:26:18 WARN  no build target for: C:\Users\dima-\OneDrive\Desktop\то\Functional_Programming\lab2\src\main\scala\main.scala
2024.11.27 21:26:18 INFO  no build target found for C:\Users\dima-\OneDrive\Desktop\то\Functional_Programming\lab1\project\project\metals.sbt. Using presentation compiler with project's scala-library version: 3.3.4
2024.11.27 21:26:18 INFO  no build target found for C:\Users\dima-\OneDrive\Desktop\то\Functional_Programming\lab2\src\main\scala\main.scala. Using presentation compiler with project's scala-library version: 3.3.4
2024.11.27 21:26:19 INFO  no build target found for C:\Users\dima-\OneDrive\Desktop\то\Functional_Programming\lab2\src\main\scala\main.scala. Using presentation compiler with project's scala-library version: 3.3.4
2024.11.27 21:26:37 INFO  no build target found for C:\Users\dima-\OneDrive\Desktop\то\Functional_Programming\lab2\src\main\scala\main.scala. Using presentation compiler with project's scala-library version: 3.3.4
2024.11.27 21:26:38 INFO  no build target found for C:\Users\dima-\OneDrive\Desktop\то\Functional_Programming\lab2\src\main\scala\main.scala. Using presentation compiler with project's scala-library version: 3.3.4
2024.11.27 21:26:39 INFO  no build target found for C:\Users\dima-\OneDrive\Desktop\то\Functional_Programming\lab2\src\main\scala\main.scala. Using presentation compiler with project's scala-library version: 3.3.4
2024.11.27 21:26:40 INFO  no build target found for C:\Users\dima-\OneDrive\Desktop\то\Functional_Programming\lab2\src\main\scala\main.scala. Using presentation compiler with project's scala-library version: 3.3.4
2024.11.27 21:26:42 INFO  no build target found for C:\Users\dima-\OneDrive\Desktop\то\Functional_Programming\lab2\src\main\scala\main.scala. Using presentation compiler with project's scala-library version: 3.3.4
2024.11.27 21:26:46 INFO  no build target found for C:\Users\dima-\OneDrive\Desktop\то\Functional_Programming\lab2\src\main\scala\main.scala. Using presentation compiler with project's scala-library version: 3.3.4
2024.11.27 21:26:46 INFO  no build target found for C:\Users\dima-\OneDrive\Desktop\то\Functional_Programming\lab2\src\main\scala\main.scala. Using presentation compiler with project's scala-library version: 3.3.4
2024.11.27 21:26:46 INFO  no build target found for C:\Users\dima-\OneDrive\Desktop\то\Functional_Programming\lab2\src\main\scala\main.scala. Using presentation compiler with project's scala-library version: 3.3.4
2024.11.27 21:27:03 INFO  no build target found for C:\Users\dima-\OneDrive\Desktop\то\Functional_Programming\lab2\src\main\scala\main.scala. Using presentation compiler with project's scala-library version: 3.3.4
2024.11.27 21:27:03 INFO  no build target found for C:\Users\dima-\OneDrive\Desktop\то\Functional_Programming\lab2\src\main\scala\main.scala. Using presentation compiler with project's scala-library version: 3.3.4
2024.11.27 21:27:03 INFO  no build target found for C:\Users\dima-\OneDrive\Desktop\то\Functional_Programming\lab2\src\main\scala\main.scala. Using presentation compiler with project's scala-library version: 3.3.4
2024.11.27 21:27:11 INFO  no build target found for C:\Users\dima-\OneDrive\Desktop\то\Functional_Programming\lab2\src\main\scala\main.scala. Using presentation compiler with project's scala-library version: 3.3.4
2024.11.27 21:28:16 INFO  no build target found for C:\Users\dima-\OneDrive\Desktop\то\Functional_Programming\lab2\src\main\scala\main.scala. Using presentation compiler with project's scala-library version: 3.3.4
2024.11.27 21:28:19 INFO  no build target found for C:\Users\dima-\OneDrive\Desktop\то\Functional_Programming\lab2\src\main\scala\main.scala. Using presentation compiler with project's scala-library version: 3.3.4
2024.11.27 21:28:20 INFO  no build target found for C:\Users\dima-\OneDrive\Desktop\то\Functional_Programming\lab2\src\main\scala\main.scala. Using presentation compiler with project's scala-library version: 3.3.4
2024.11.27 21:28:20 INFO  no build target found for C:\Users\dima-\OneDrive\Desktop\то\Functional_Programming\lab2\src\main\scala\main.scala. Using presentation compiler with project's scala-library version: 3.3.4
2024.11.27 21:28:22 INFO  no build target found for C:\Users\dima-\OneDrive\Desktop\то\Functional_Programming\lab2\src\main\scala\main.scala. Using presentation compiler with project's scala-library version: 3.3.4
2024.11.27 21:28:22 INFO  no build target found for C:\Users\dima-\OneDrive\Desktop\то\Functional_Programming\lab2\src\main\scala\main.scala. Using presentation compiler with project's scala-library version: 3.3.4
2024.11.27 21:28:22 INFO  no build target found for C:\Users\dima-\OneDrive\Desktop\то\Functional_Programming\lab2\src\main\scala\main.scala. Using presentation compiler with project's scala-library version: 3.3.4
2024.11.27 21:28:22 INFO  no build target found for C:\Users\dima-\OneDrive\Desktop\то\Functional_Programming\lab2\src\main\scala\main.scala. Using presentation compiler with project's scala-library version: 3.3.4
2024.11.27 21:28:22 INFO  no build target found for C:\Users\dima-\OneDrive\Desktop\то\Functional_Programming\lab2\src\main\scala\main.scala. Using presentation compiler with project's scala-library version: 3.3.4
2024.11.27 21:28:22 INFO  no build target found for C:\Users\dima-\OneDrive\Desktop\то\Functional_Programming\lab2\src\main\scala\main.scala. Using presentation compiler with project's scala-library version: 3.3.4
2024.11.27 21:28:22 INFO  no build target found for C:\Users\dima-\OneDrive\Desktop\то\Functional_Programming\lab2\src\main\scala\main.scala. Using presentation compiler with project's scala-library version: 3.3.4
2024.11.27 21:28:23 INFO  no build target found for C:\Users\dima-\OneDrive\Desktop\то\Functional_Programming\lab2\src\main\scala\main.scala. Using presentation compiler with project's scala-library version: 3.3.4
2024.11.27 21:28:23 INFO  no build target found for C:\Users\dima-\OneDrive\Desktop\то\Functional_Programming\lab2\src\main\scala\main.scala. Using presentation compiler with project's scala-library version: 3.3.4
2024.11.27 21:28:23 INFO  no build target found for C:\Users\dima-\OneDrive\Desktop\то\Functional_Programming\lab2\src\main\scala\main.scala. Using presentation compiler with project's scala-library version: 3.3.4
2024.11.27 21:28:23 WARN  no build target for: C:\Users\dima-\OneDrive\Desktop\то\Functional_Programming\lab2\src\main\scala\main.scala
2024.11.27 21:28:23 INFO  no build target found for C:\Users\dima-\OneDrive\Desktop\то\Functional_Programming\lab2\src\main\scala\main.scala. Using presentation compiler with project's scala-library version: 3.3.4
2024.11.27 21:28:23 INFO  no build target found for C:\Users\dima-\OneDrive\Desktop\то\Functional_Programming\lab2\src\main\scala\main.scala. Using presentation compiler with project's scala-library version: 3.3.4
2024.11.27 21:28:25 INFO  no build target found for C:\Users\dima-\OneDrive\Desktop\то\Functional_Programming\lab2\src\main\scala\main.scala. Using presentation compiler with project's scala-library version: 3.3.4
2024.11.27 21:28:25 INFO  no build target found for C:\Users\dima-\OneDrive\Desktop\то\Functional_Programming\lab2\src\main\scala\main.scala. Using presentation compiler with project's scala-library version: 3.3.4
2024.11.27 21:28:25 INFO  no build target found for C:\Users\dima-\OneDrive\Desktop\то\Functional_Programming\lab2\src\main\scala\main.scala. Using presentation compiler with project's scala-library version: 3.3.4
2024.11.27 21:28:25 INFO  no build target found for C:\Users\dima-\OneDrive\Desktop\то\Functional_Programming\lab2\src\main\scala\main.scala. Using presentation compiler with project's scala-library version: 3.3.4
2024.11.27 21:28:25 INFO  no build target found for C:\Users\dima-\OneDrive\Desktop\то\Functional_Programming\lab2\src\main\scala\main.scala. Using presentation compiler with project's scala-library version: 3.3.4
2024.11.27 21:28:25 INFO  no build target found for C:\Users\dima-\OneDrive\Desktop\то\Functional_Programming\lab2\src\main\scala\main.scala. Using presentation compiler with project's scala-library version: 3.3.4
2024.11.27 21:28:25 INFO  no build target found for C:\Users\dima-\OneDrive\Desktop\то\Functional_Programming\lab2\src\main\scala\main.scala. Using presentation compiler with project's scala-library version: 3.3.4
2024.11.27 21:28:25 INFO  no build target found for C:\Users\dima-\OneDrive\Desktop\то\Functional_Programming\lab2\src\main\scala\main.scala. Using presentation compiler with project's scala-library version: 3.3.4
2024.11.27 21:28:25 INFO  no build target found for C:\Users\dima-\OneDrive\Desktop\то\Functional_Programming\lab2\src\main\scala\main.scala. Using presentation compiler with project's scala-library version: 3.3.4
2024.11.27 21:28:25 INFO  no build target found for C:\Users\dima-\OneDrive\Desktop\то\Functional_Programming\lab2\src\main\scala\main.scala. Using presentation compiler with project's scala-library version: 3.3.4
2024.11.27 21:28:26 INFO  no build target found for C:\Users\dima-\OneDrive\Desktop\то\Functional_Programming\lab2\src\main\scala\main.scala. Using presentation compiler with project's scala-library version: 3.3.4
2024.11.27 21:28:26 WARN  no build target for: C:\Users\dima-\OneDrive\Desktop\то\Functional_Programming\lab2\src\main\scala\main.scala
2024.11.27 21:28:26 INFO  no build target found for C:\Users\dima-\OneDrive\Desktop\то\Functional_Programming\lab2\src\main\scala\main.scala. Using presentation compiler with project's scala-library version: 3.3.4
2024.11.27 21:28:27 ERROR scalafmt: C:\Users\dima-\OneDrive\Desktop\то\Functional_Programming\lab2\src\main\scala\main.scala:6: error: [dialect scala213] illegal start of declaration (possible cause: missing `=' in front of current method body)
  result = x*x
  ^
2024.11.27 21:28:27 INFO  no build target found for C:\Users\dima-\OneDrive\Desktop\то\Functional_Programming\lab2\src\main\scala\main.scala. Using presentation compiler with project's scala-library version: 3.3.4
2024.11.27 21:28:26 WARN  no build target for: C:\Users\dima-\OneDrive\Desktop\то\Functional_Programming\lab2\src\main\scala\main.scala
2024.11.27 21:28:26 INFO  no build target found for C:\Users\dima-\OneDrive\Desktop\то\Functional_Programming\lab2\src\main\scala\main.scala. Using presentation compiler with project's scala-library version: 3.3.4
2024.11.27 21:28:27 INFO  no build target found for C:\Users\dima-\OneDrive\Desktop\то\Functional_Programming\lab2\src\main\scala\main.scala. Using presentation compiler with project's scala-library version: 3.3.4
2024.11.27 21:28:36 INFO  no build target found for C:\Users\dima-\OneDrive\Desktop\то\Functional_Programming\lab2\src\main\scala\main.scala. Using presentation compiler with project's scala-library version: 3.3.4
2024.11.27 21:28:36 INFO  no build target found for C:\Users\dima-\OneDrive\Desktop\то\Functional_Programming\lab2\src\main\scala\main.scala. Using presentation compiler with project's scala-library version: 3.3.4
2024.11.27 21:28:37 INFO  no build target found for C:\Users\dima-\OneDrive\Desktop\то\Functional_Programming\lab2\src\main\scala\main.scala. Using presentation compiler with project's scala-library version: 3.3.4
2024.11.27 21:28:36 INFO  no build target found for C:\Users\dima-\OneDrive\Desktop\то\Functional_Programming\lab2\src\main\scala\main.scala. Using presentation compiler with project's scala-library version: 3.3.4
2024.11.27 21:28:37 INFO  no build target found for C:\Users\dima-\OneDrive\Desktop\то\Functional_Programming\lab2\src\main\scala\main.scala. Using presentation compiler with project's scala-library version: 3.3.4
2024.11.27 21:28:37 INFO  no build target found for C:\Users\dima-\OneDrive\Desktop\то\Functional_Programming\lab2\src\main\scala\main.scala. Using presentation compiler with project's scala-library version: 3.3.4
2024.11.27 21:28:38 INFO  no build target found for C:\Users\dima-\OneDrive\Desktop\то\Functional_Programming\lab2\src\main\scala\main.scala. Using presentation compiler with project's scala-library version: 3.3.4
2024.11.27 21:28:38 INFO  no build target found for C:\Users\dima-\OneDrive\Desktop\то\Functional_Programming\lab2\src\main\scala\main.scala. Using presentation compiler with project's scala-library version: 3.3.4
2024.11.27 21:28:40 INFO  no build target found for C:\Users\dima-\OneDrive\Desktop\то\Functional_Programming\lab2\src\main\scala\main.scala. Using presentation compiler with project's scala-library version: 3.3.4
2024.11.27 21:28:40 INFO  no build target found for C:\Users\dima-\OneDrive\Desktop\то\Functional_Programming\lab2\src\main\scala\main.scala. Using presentation compiler with project's scala-library version: 3.3.4
2024.11.27 21:28:40 INFO  no build target found for C:\Users\dima-\OneDrive\Desktop\то\Functional_Programming\lab2\src\main\scala\main.scala. Using presentation compiler with project's scala-library version: 3.3.4
2024.11.27 21:28:40 INFO  no build target found for C:\Users\dima-\OneDrive\Desktop\то\Functional_Programming\lab2\src\main\scala\main.scala. Using presentation compiler with project's scala-library version: 3.3.4
2024.11.27 21:28:40 INFO  no build target found for C:\Users\dima-\OneDrive\Desktop\то\Functional_Programming\lab2\src\main\scala\main.scala. Using presentation compiler with project's scala-library version: 3.3.4
2024.11.27 21:28:40 INFO  no build target found for C:\Users\dima-\OneDrive\Desktop\то\Functional_Programming\lab2\src\main\scala\main.scala. Using presentation compiler with project's scala-library version: 3.3.4
2024.11.27 21:28:41 INFO  no build target found for C:\Users\dima-\OneDrive\Desktop\то\Functional_Programming\lab2\src\main\scala\main.scala. Using presentation compiler with project's scala-library version: 3.3.4
2024.11.27 21:28:41 INFO  no build target found for C:\Users\dima-\OneDrive\Desktop\то\Functional_Programming\lab2\src\main\scala\main.scala. Using presentation compiler with project's scala-library version: 3.3.4
2024.11.27 21:28:40 INFO  no build target found for C:\Users\dima-\OneDrive\Desktop\то\Functional_Programming\lab2\src\main\scala\main.scala. Using presentation compiler with project's scala-library version: 3.3.4
2024.11.27 21:28:42 WARN  no build target for: C:\Users\dima-\OneDrive\Desktop\то\Functional_Programming\lab2\src\main\scala\main.scala
2024.11.27 21:28:42 INFO  no build target found for C:\Users\dima-\OneDrive\Desktop\то\Functional_Programming\lab2\src\main\scala\main.scala. Using presentation compiler with project's scala-library version: 3.3.4
2024.11.27 21:28:42 ERROR scalafmt: C:\Users\dima-\OneDrive\Desktop\то\Functional_Programming\lab2\src\main\scala\main.scala:6: error: [dialect scala213] is not a valid refinement declaration
  val result = x*x
  ^
2024.11.27 21:28:42 WARN  no build target for: C:\Users\dima-\OneDrive\Desktop\то\Functional_Programming\lab2\src\main\scala\main.scala
2024.11.27 21:28:42 INFO  no build target found for C:\Users\dima-\OneDrive\Desktop\то\Functional_Programming\lab2\src\main\scala\main.scala. Using presentation compiler with project's scala-library version: 3.3.4
2024.11.27 21:28:42 INFO  no build target found for C:\Users\dima-\OneDrive\Desktop\то\Functional_Programming\lab2\src\main\scala\main.scala. Using presentation compiler with project's scala-library version: 3.3.4
2024.11.27 21:28:44 INFO  no build target found for C:\Users\dima-\OneDrive\Desktop\то\Functional_Programming\lab2\src\main\scala\main.scala. Using presentation compiler with project's scala-library version: 3.3.4
2024.11.27 21:28:44 INFO  no build target found for C:\Users\dima-\OneDrive\Desktop\то\Functional_Programming\lab2\src\main\scala\main.scala. Using presentation compiler with project's scala-library version: 3.3.4
2024.11.27 21:29:19 INFO  no build target found for C:\Users\dima-\OneDrive\Desktop\то\Functional_Programming\lab2\src\main\scala\main.scala. Using presentation compiler with project's scala-library version: 3.3.4
2024.11.27 21:29:19 INFO  no build target found for C:\Users\dima-\OneDrive\Desktop\то\Functional_Programming\lab2\src\main\scala\main.scala. Using presentation compiler with project's scala-library version: 3.3.4
2024.11.27 21:29:19 INFO  no build target found for C:\Users\dima-\OneDrive\Desktop\то\Functional_Programming\lab2\src\main\scala\main.scala. Using presentation compiler with project's scala-library version: 3.3.4
2024.11.27 21:29:19 INFO  no build target found for C:\Users\dima-\OneDrive\Desktop\то\Functional_Programming\lab2\src\main\scala\main.scala. Using presentation compiler with project's scala-library version: 3.3.4
2024.11.27 21:29:20 INFO  no build target found for C:\Users\dima-\OneDrive\Desktop\то\Functional_Programming\lab2\src\main\scala\main.scala. Using presentation compiler with project's scala-library version: 3.3.4
2024.11.27 21:29:20 INFO  no build target found for C:\Users\dima-\OneDrive\Desktop\то\Functional_Programming\lab2\src\main\scala\main.scala. Using presentation compiler with project's scala-library version: 3.3.4
2024.11.27 21:29:20 INFO  no build target found for C:\Users\dima-\OneDrive\Desktop\то\Functional_Programming\lab2\src\main\scala\main.scala. Using presentation compiler with project's scala-library version: 3.3.4
2024.11.27 21:29:20 INFO  no build target found for C:\Users\dima-\OneDrive\Desktop\то\Functional_Programming\lab2\src\main\scala\main.scala. Using presentation compiler with project's scala-library version: 3.3.4
2024.11.27 21:29:20 ERROR scalafmt: C:\Users\dima-\OneDrive\Desktop\то\Functional_Programming\lab2\src\main\scala\main.scala:7: error: [dialect scala213] is not a valid refinement declaration
  val result = x*x
  ^
2024.11.27 21:29:20 WARN  no build target for: C:\Users\dima-\OneDrive\Desktop\то\Functional_Programming\lab2\src\main\scala\main.scala
2024.11.27 21:29:20 INFO  no build target found for C:\Users\dima-\OneDrive\Desktop\то\Functional_Programming\lab2\src\main\scala\main.scala. Using presentation compiler with project's scala-library version: 3.3.4
2024.11.27 21:29:20 INFO  no build target found for C:\Users\dima-\OneDrive\Desktop\то\Functional_Programming\lab2\src\main\scala\main.scala. Using presentation compiler with project's scala-library version: 3.3.4
2024.11.27 21:29:22 INFO  no build target found for C:\Users\dima-\OneDrive\Desktop\то\Functional_Programming\lab2\src\main\scala\main.scala. Using presentation compiler with project's scala-library version: 3.3.4
2024.11.27 21:29:22 INFO  no build target found for C:\Users\dima-\OneDrive\Desktop\то\Functional_Programming\lab2\src\main\scala\main.scala. Using presentation compiler with project's scala-library version: 3.3.4
2024.11.27 21:29:22 INFO  no build target found for C:\Users\dima-\OneDrive\Desktop\то\Functional_Programming\lab2\src\main\scala\main.scala. Using presentation compiler with project's scala-library version: 3.3.4
2024.11.27 21:29:22 INFO  no build target found for C:\Users\dima-\OneDrive\Desktop\то\Functional_Programming\lab2\src\main\scala\main.scala. Using presentation compiler with project's scala-library version: 3.3.4
2024.11.27 21:29:23 INFO  no build target found for C:\Users\dima-\OneDrive\Desktop\то\Functional_Programming\lab2\src\main\scala\main.scala. Using presentation compiler with project's scala-library version: 3.3.4
2024.11.27 21:29:22 INFO  no build target found for C:\Users\dima-\OneDrive\Desktop\то\Functional_Programming\lab2\src\main\scala\main.scala. Using presentation compiler with project's scala-library version: 3.3.4
2024.11.27 21:29:23 INFO  no build target found for C:\Users\dima-\OneDrive\Desktop\то\Functional_Programming\lab2\src\main\scala\main.scala. Using presentation compiler with project's scala-library version: 3.3.4
2024.11.27 21:29:23 INFO  no build target found for C:\Users\dima-\OneDrive\Desktop\то\Functional_Programming\lab2\src\main\scala\main.scala. Using presentation compiler with project's scala-library version: 3.3.4
2024.11.27 21:29:23 INFO  no build target found for C:\Users\dima-\OneDrive\Desktop\то\Functional_Programming\lab2\src\main\scala\main.scala. Using presentation compiler with project's scala-library version: 3.3.4
2024.11.27 21:29:23 ERROR scalafmt: C:\Users\dima-\OneDrive\Desktop\то\Functional_Programming\lab2\src\main\scala\main.scala:7: error: [dialect scala213] is not a valid refinement declaration
  val result = x*x
  ^
2024.11.27 21:29:24 WARN  no build target for: C:\Users\dima-\OneDrive\Desktop\то\Functional_Programming\lab2\src\main\scala\main.scala
2024.11.27 21:29:24 INFO  no build target found for C:\Users\dima-\OneDrive\Desktop\то\Functional_Programming\lab2\src\main\scala\main.scala. Using presentation compiler with project's scala-library version: 3.3.4
2024.11.27 21:29:23 INFO  no build target found for C:\Users\dima-\OneDrive\Desktop\то\Functional_Programming\lab2\src\main\scala\main.scala. Using presentation compiler with project's scala-library version: 3.3.4
2024.11.27 21:29:23 INFO  no build target found for C:\Users\dima-\OneDrive\Desktop\то\Functional_Programming\lab2\src\main\scala\main.scala. Using presentation compiler with project's scala-library version: 3.3.4
2024.11.27 21:29:25 ERROR scalafmt: C:\Users\dima-\OneDrive\Desktop\то\Functional_Programming\lab2\src\main\scala\main.scala:7: error: [dialect scala213] is not a valid refinement declaration
  val result = x*x
  ^
2024.11.27 21:29:25 WARN  no build target for: C:\Users\dima-\OneDrive\Desktop\то\Functional_Programming\lab2\src\main\scala\main.scala
2024.11.27 21:29:25 INFO  no build target found for C:\Users\dima-\OneDrive\Desktop\то\Functional_Programming\lab2\src\main\scala\main.scala. Using presentation compiler with project's scala-library version: 3.3.4
2024.11.27 21:29:25 INFO  no build target found for C:\Users\dima-\OneDrive\Desktop\то\Functional_Programming\lab2\src\main\scala\main.scala. Using presentation compiler with project's scala-library version: 3.3.4
2024.11.27 21:29:35 INFO  no build target found for C:\Users\dima-\OneDrive\Desktop\то\Functional_Programming\lab2\src\main\scala\main.scala. Using presentation compiler with project's scala-library version: 3.3.4
2024.11.27 21:29:35 INFO  no build target found for C:\Users\dima-\OneDrive\Desktop\то\Functional_Programming\lab2\src\main\scala\main.scala. Using presentation compiler with project's scala-library version: 3.3.4
2024.11.27 21:29:37 INFO  no build target found for C:\Users\dima-\OneDrive\Desktop\то\Functional_Programming\lab2\src\main\scala\main.scala. Using presentation compiler with project's scala-library version: 3.3.4
2024.11.27 21:29:37 INFO  no build target found for C:\Users\dima-\OneDrive\Desktop\то\Functional_Programming\lab2\src\main\scala\main.scala. Using presentation compiler with project's scala-library version: 3.3.4
2024.11.27 21:29:37 INFO  no build target found for C:\Users\dima-\OneDrive\Desktop\то\Functional_Programming\lab2\src\main\scala\main.scala. Using presentation compiler with project's scala-library version: 3.3.4
2024.11.27 21:29:38 INFO  no build target found for C:\Users\dima-\OneDrive\Desktop\то\Functional_Programming\lab2\src\main\scala\main.scala. Using presentation compiler with project's scala-library version: 3.3.4
2024.11.27 21:29:38 INFO  no build target found for C:\Users\dima-\OneDrive\Desktop\то\Functional_Programming\lab2\src\main\scala\main.scala. Using presentation compiler with project's scala-library version: 3.3.4
2024.11.27 21:29:38 INFO  no build target found for C:\Users\dima-\OneDrive\Desktop\то\Functional_Programming\lab2\src\main\scala\main.scala. Using presentation compiler with project's scala-library version: 3.3.4
2024.11.27 21:29:38 INFO  no build target found for C:\Users\dima-\OneDrive\Desktop\то\Functional_Programming\lab2\src\main\scala\main.scala. Using presentation compiler with project's scala-library version: 3.3.4
2024.11.27 21:29:39 INFO  no build target found for C:\Users\dima-\OneDrive\Desktop\то\Functional_Programming\lab2\src\main\scala\main.scala. Using presentation compiler with project's scala-library version: 3.3.4
2024.11.27 21:29:39 INFO  no build target found for C:\Users\dima-\OneDrive\Desktop\то\Functional_Programming\lab2\src\main\scala\main.scala. Using presentation compiler with project's scala-library version: 3.3.4
2024.11.27 21:29:38 INFO  no build target found for C:\Users\dima-\OneDrive\Desktop\то\Functional_Programming\lab2\src\main\scala\main.scala. Using presentation compiler with project's scala-library version: 3.3.4
2024.11.27 21:29:39 INFO  no build target found for C:\Users\dima-\OneDrive\Desktop\то\Functional_Programming\lab2\src\main\scala\main.scala. Using presentation compiler with project's scala-library version: 3.3.4
2024.11.27 21:29:39 INFO  no build target found for C:\Users\dima-\OneDrive\Desktop\то\Functional_Programming\lab2\src\main\scala\main.scala. Using presentation compiler with project's scala-library version: 3.3.4
2024.11.27 21:29:39 INFO  no build target found for C:\Users\dima-\OneDrive\Desktop\то\Functional_Programming\lab2\src\main\scala\main.scala. Using presentation compiler with project's scala-library version: 3.3.4
2024.11.27 21:29:40 INFO  no build target found for C:\Users\dima-\OneDrive\Desktop\то\Functional_Programming\lab2\src\main\scala\main.scala. Using presentation compiler with project's scala-library version: 3.3.4
2024.11.27 21:29:40 WARN  no build target for: C:\Users\dima-\OneDrive\Desktop\то\Functional_Programming\lab2\src\main\scala\main.scala
2024.11.27 21:29:40 INFO  no build target found for C:\Users\dima-\OneDrive\Desktop\то\Functional_Programming\lab2\src\main\scala\main.scala. Using presentation compiler with project's scala-library version: 3.3.4
2024.11.27 21:29:40 INFO  no build target found for C:\Users\dima-\OneDrive\Desktop\то\Functional_Programming\lab2\src\main\scala\main.scala. Using presentation compiler with project's scala-library version: 3.3.4
2024.11.27 21:29:40 INFO  no build target found for C:\Users\dima-\OneDrive\Desktop\то\Functional_Programming\lab2\src\main\scala\main.scala. Using presentation compiler with project's scala-library version: 3.3.4
2024.11.27 21:29:41 INFO  no build target found for C:\Users\dima-\OneDrive\Desktop\то\Functional_Programming\lab2\src\main\scala\main.scala. Using presentation compiler with project's scala-library version: 3.3.4
2024.11.27 21:29:40 INFO  no build target found for C:\Users\dima-\OneDrive\Desktop\то\Functional_Programming\lab2\src\main\scala\main.scala. Using presentation compiler with project's scala-library version: 3.3.4
2024.11.27 21:29:41 INFO  no build target found for C:\Users\dima-\OneDrive\Desktop\то\Functional_Programming\lab2\src\main\scala\main.scala. Using presentation compiler with project's scala-library version: 3.3.4
2024.11.27 21:29:42 INFO  no build target found for C:\Users\dima-\OneDrive\Desktop\то\Functional_Programming\lab2\src\main\scala\main.scala. Using presentation compiler with project's scala-library version: 3.3.4
Exception in thread "pool-71-thread-1" java.lang.InterruptedException
	at scala.meta.internal.metals.FutureCancelToken.checkCanceled(FutureCancelToken.scala:29)
	at scala.meta.internal.pc.CompilerAccess.onCompilerJobQueue$$anonfun$1(CompilerAccess.scala:244)
	at scala.meta.internal.pc.CompilerJobQueue$Job.run(CompilerJobQueue.scala:153)
	at java.base/java.util.concurrent.ThreadPoolExecutor.runWorker(ThreadPoolExecutor.java:1136)
	at java.base/java.util.concurrent.ThreadPoolExecutor$Worker.run(ThreadPoolExecutor.java:635)
	at java.base/java.lang.Thread.run(Thread.java:833)
2024.11.27 21:29:42 INFO  no build target found for C:\Users\dima-\OneDrive\Desktop\то\Functional_Programming\lab2\src\main\scala\main.scala. Using presentation compiler with project's scala-library version: 3.3.4
2024.11.27 21:29:42 INFO  no build target found for C:\Users\dima-\OneDrive\Desktop\то\Functional_Programming\lab2\src\main\scala\main.scala. Using presentation compiler with project's scala-library version: 3.3.4
2024.11.27 21:29:42 INFO  no build target found for C:\Users\dima-\OneDrive\Desktop\то\Functional_Programming\lab2\src\main\scala\main.scala. Using presentation compiler with project's scala-library version: 3.3.4
2024.11.27 21:29:42 INFO  no build target found for C:\Users\dima-\OneDrive\Desktop\то\Functional_Programming\lab2\src\main\scala\main.scala. Using presentation compiler with project's scala-library version: 3.3.4
2024.11.27 21:29:42 INFO  no build target found for C:\Users\dima-\OneDrive\Desktop\то\Functional_Programming\lab2\src\main\scala\main.scala. Using presentation compiler with project's scala-library version: 3.3.4
2024.11.27 21:29:42 ERROR scalafmt: C:\Users\dima-\OneDrive\Desktop\то\Functional_Programming\lab2\src\main\scala\main.scala:9: error: [dialect scala213] is not a valid refinement declaration
  val result = x*x
  ^
2024.11.27 21:29:42 WARN  no build target for: C:\Users\dima-\OneDrive\Desktop\то\Functional_Programming\lab2\src\main\scala\main.scala
2024.11.27 21:29:43 INFO  no build target found for C:\Users\dima-\OneDrive\Desktop\то\Functional_Programming\lab2\src\main\scala\main.scala. Using presentation compiler with project's scala-library version: 3.3.4
2024.11.27 21:29:42 INFO  no build target found for C:\Users\dima-\OneDrive\Desktop\то\Functional_Programming\lab2\src\main\scala\main.scala. Using presentation compiler with project's scala-library version: 3.3.4
2024.11.27 21:29:50 INFO  no build target found for C:\Users\dima-\OneDrive\Desktop\то\Functional_Programming\lab2\src\main\scala\main.scala. Using presentation compiler with project's scala-library version: 3.3.4
2024.11.27 21:29:50 INFO  no build target found for C:\Users\dima-\OneDrive\Desktop\то\Functional_Programming\lab2\src\main\scala\main.scala. Using presentation compiler with project's scala-library version: 3.3.4
2024.11.27 21:29:51 INFO  no build target found for C:\Users\dima-\OneDrive\Desktop\то\Functional_Programming\lab2\src\main\scala\main.scala. Using presentation compiler with project's scala-library version: 3.3.4
2024.11.27 21:29:51 INFO  no build target found for C:\Users\dima-\OneDrive\Desktop\то\Functional_Programming\lab2\src\main\scala\main.scala. Using presentation compiler with project's scala-library version: 3.3.4
2024.11.27 21:29:51 INFO  no build target found for C:\Users\dima-\OneDrive\Desktop\то\Functional_Programming\lab2\src\main\scala\main.scala. Using presentation compiler with project's scala-library version: 3.3.4
2024.11.27 21:29:52 INFO  no build target found for C:\Users\dima-\OneDrive\Desktop\то\Functional_Programming\lab2\src\main\scala\main.scala. Using presentation compiler with project's scala-library version: 3.3.4
2024.11.27 21:29:52 INFO  no build target found for C:\Users\dima-\OneDrive\Desktop\то\Functional_Programming\lab2\src\main\scala\main.scala. Using presentation compiler with project's scala-library version: 3.3.4
2024.11.27 21:29:51 INFO  no build target found for C:\Users\dima-\OneDrive\Desktop\то\Functional_Programming\lab2\src\main\scala\main.scala. Using presentation compiler with project's scala-library version: 3.3.4
2024.11.27 21:29:52 ERROR scalafmt: C:\Users\dima-\OneDrive\Desktop\то\Functional_Programming\lab2\src\main\scala\main.scala:9: error: [dialect scala213] is not a valid refinement declaration
  val result = x*x
  ^
2024.11.27 21:29:52 WARN  no build target for: C:\Users\dima-\OneDrive\Desktop\то\Functional_Programming\lab2\src\main\scala\main.scala
2024.11.27 21:29:52 INFO  no build target found for C:\Users\dima-\OneDrive\Desktop\то\Functional_Programming\lab2\src\main\scala\main.scala. Using presentation compiler with project's scala-library version: 3.3.4
2024.11.27 21:29:52 INFO  no build target found for C:\Users\dima-\OneDrive\Desktop\то\Functional_Programming\lab2\src\main\scala\main.scala. Using presentation compiler with project's scala-library version: 3.3.4
2024.11.27 21:29:54 INFO  no build target found for C:\Users\dima-\OneDrive\Desktop\то\Functional_Programming\lab2\src\main\scala\main.scala. Using presentation compiler with project's scala-library version: 3.3.4
2024.11.27 21:29:55 INFO  no build target found for C:\Users\dima-\OneDrive\Desktop\то\Functional_Programming\lab2\src\main\scala\main.scala. Using presentation compiler with project's scala-library version: 3.3.4
2024.11.27 21:29:57 INFO  no build target found for C:\Users\dima-\OneDrive\Desktop\то\Functional_Programming\lab2\src\main\scala\main.scala. Using presentation compiler with project's scala-library version: 3.3.4
2024.11.27 21:29:57 INFO  no build target found for C:\Users\dima-\OneDrive\Desktop\то\Functional_Programming\lab2\src\main\scala\main.scala. Using presentation compiler with project's scala-library version: 3.3.4
2024.11.27 21:29:57 INFO  no build target found for C:\Users\dima-\OneDrive\Desktop\то\Functional_Programming\lab2\src\main\scala\main.scala. Using presentation compiler with project's scala-library version: 3.3.4
2024.11.27 21:29:57 INFO  no build target found for C:\Users\dima-\OneDrive\Desktop\то\Functional_Programming\lab2\src\main\scala\main.scala. Using presentation compiler with project's scala-library version: 3.3.4
2024.11.27 21:29:57 INFO  no build target found for C:\Users\dima-\OneDrive\Desktop\то\Functional_Programming\lab2\src\main\scala\main.scala. Using presentation compiler with project's scala-library version: 3.3.4
2024.11.27 21:29:58 INFO  no build target found for C:\Users\dima-\OneDrive\Desktop\то\Functional_Programming\lab2\src\main\scala\main.scala. Using presentation compiler with project's scala-library version: 3.3.4
2024.11.27 21:29:58 INFO  no build target found for C:\Users\dima-\OneDrive\Desktop\то\Functional_Programming\lab2\src\main\scala\main.scala. Using presentation compiler with project's scala-library version: 3.3.4
2024.11.27 21:29:58 INFO  no build target found for C:\Users\dima-\OneDrive\Desktop\то\Functional_Programming\lab2\src\main\scala\main.scala. Using presentation compiler with project's scala-library version: 3.3.4
2024.11.27 21:29:58 INFO  no build target found for C:\Users\dima-\OneDrive\Desktop\то\Functional_Programming\lab2\src\main\scala\main.scala. Using presentation compiler with project's scala-library version: 3.3.4
2024.11.27 21:29:58 INFO  no build target found for C:\Users\dima-\OneDrive\Desktop\то\Functional_Programming\lab2\src\main\scala\main.scala. Using presentation compiler with project's scala-library version: 3.3.4
2024.11.27 21:29:58 INFO  no build target found for C:\Users\dima-\OneDrive\Desktop\то\Functional_Programming\lab2\src\main\scala\main.scala. Using presentation compiler with project's scala-library version: 3.3.4
2024.11.27 21:29:58 INFO  no build target found for C:\Users\dima-\OneDrive\Desktop\то\Functional_Programming\lab2\src\main\scala\main.scala. Using presentation compiler with project's scala-library version: 3.3.4
2024.11.27 21:29:58 INFO  no build target found for C:\Users\dima-\OneDrive\Desktop\то\Functional_Programming\lab2\src\main\scala\main.scala. Using presentation compiler with project's scala-library version: 3.3.4
2024.11.27 21:29:59 INFO  no build target found for C:\Users\dima-\OneDrive\Desktop\то\Functional_Programming\lab2\src\main\scala\main.scala. Using presentation compiler with project's scala-library version: 3.3.4
2024.11.27 21:29:58 INFO  no build target found for C:\Users\dima-\OneDrive\Desktop\то\Functional_Programming\lab2\src\main\scala\main.scala. Using presentation compiler with project's scala-library version: 3.3.4
2024.11.27 21:29:58 INFO  no build target found for C:\Users\dima-\OneDrive\Desktop\то\Functional_Programming\lab2\src\main\scala\main.scala. Using presentation compiler with project's scala-library version: 3.3.4
2024.11.27 21:29:58 INFO  no build target found for C:\Users\dima-\OneDrive\Desktop\то\Functional_Programming\lab2\src\main\scala\main.scala. Using presentation compiler with project's scala-library version: 3.3.4
2024.11.27 21:29:59 INFO  no build target found for C:\Users\dima-\OneDrive\Desktop\то\Functional_Programming\lab2\src\main\scala\main.scala. Using presentation compiler with project's scala-library version: 3.3.4
2024.11.27 21:29:59 INFO  no build target found for C:\Users\dima-\OneDrive\Desktop\то\Functional_Programming\lab2\src\main\scala\main.scala. Using presentation compiler with project's scala-library version: 3.3.4
2024.11.27 21:30:00 WARN  no build target for: C:\Users\dima-\OneDrive\Desktop\то\Functional_Programming\lab2\src\main\scala\main.scala
2024.11.27 21:30:00 INFO  no build target found for C:\Users\dima-\OneDrive\Desktop\то\Functional_Programming\lab2\src\main\scala\main.scala. Using presentation compiler with project's scala-library version: 3.3.4
2024.11.27 21:29:59 INFO  no build target found for C:\Users\dima-\OneDrive\Desktop\то\Functional_Programming\lab2\src\main\scala\main.scala. Using presentation compiler with project's scala-library version: 3.3.4
2024.11.27 21:30:02 INFO  no build target found for C:\Users\dima-\OneDrive\Desktop\то\Functional_Programming\lab2\src\main\scala\main.scala. Using presentation compiler with project's scala-library version: 3.3.4
2024.11.27 21:30:02 INFO  no build target found for C:\Users\dima-\OneDrive\Desktop\то\Functional_Programming\lab2\src\main\scala\main.scala. Using presentation compiler with project's scala-library version: 3.3.4
2024.11.27 21:30:02 INFO  no build target found for C:\Users\dima-\OneDrive\Desktop\то\Functional_Programming\lab2\src\main\scala\main.scala. Using presentation compiler with project's scala-library version: 3.3.4
2024.11.27 21:30:03 INFO  no build target found for C:\Users\dima-\OneDrive\Desktop\то\Functional_Programming\lab2\src\main\scala\main.scala. Using presentation compiler with project's scala-library version: 3.3.4
2024.11.27 21:30:03 INFO  no build target found for C:\Users\dima-\OneDrive\Desktop\то\Functional_Programming\lab2\src\main\scala\main.scala. Using presentation compiler with project's scala-library version: 3.3.4
2024.11.27 21:30:03 INFO  no build target found for C:\Users\dima-\OneDrive\Desktop\то\Functional_Programming\lab2\src\main\scala\main.scala. Using presentation compiler with project's scala-library version: 3.3.4
2024.11.27 21:30:03 INFO  no build target found for C:\Users\dima-\OneDrive\Desktop\то\Functional_Programming\lab2\src\main\scala\main.scala. Using presentation compiler with project's scala-library version: 3.3.4
2024.11.27 21:30:04 INFO  no build target found for C:\Users\dima-\OneDrive\Desktop\то\Functional_Programming\lab2\src\main\scala\main.scala. Using presentation compiler with project's scala-library version: 3.3.4
2024.11.27 21:30:04 INFO  no build target found for C:\Users\dima-\OneDrive\Desktop\то\Functional_Programming\lab2\src\main\scala\main.scala. Using presentation compiler with project's scala-library version: 3.3.4
2024.11.27 21:30:04 INFO  no build target found for C:\Users\dima-\OneDrive\Desktop\то\Functional_Programming\lab2\src\main\scala\main.scala. Using presentation compiler with project's scala-library version: 3.3.4
2024.11.27 21:30:04 INFO  no build target found for C:\Users\dima-\OneDrive\Desktop\то\Functional_Programming\lab2\src\main\scala\main.scala. Using presentation compiler with project's scala-library version: 3.3.4
2024.11.27 21:30:04 INFO  no build target found for C:\Users\dima-\OneDrive\Desktop\то\Functional_Programming\lab2\src\main\scala\main.scala. Using presentation compiler with project's scala-library version: 3.3.4
2024.11.27 21:30:04 INFO  no build target found for C:\Users\dima-\OneDrive\Desktop\то\Functional_Programming\lab2\src\main\scala\main.scala. Using presentation compiler with project's scala-library version: 3.3.4
2024.11.27 21:30:04 INFO  no build target found for C:\Users\dima-\OneDrive\Desktop\то\Functional_Programming\lab2\src\main\scala\main.scala. Using presentation compiler with project's scala-library version: 3.3.4
2024.11.27 21:30:04 ERROR scalafmt: C:\Users\dima-\OneDrive\Desktop\то\Functional_Programming\lab2\src\main\scala\main.scala:8: error: [dialect scala213] is not a valid refinement declaration
def foo( a : Double) :  Double => {var result = x*x
                                   ^
2024.11.27 21:30:04 WARN  no build target for: C:\Users\dima-\OneDrive\Desktop\то\Functional_Programming\lab2\src\main\scala\main.scala
2024.11.27 21:30:04 INFO  no build target found for C:\Users\dima-\OneDrive\Desktop\то\Functional_Programming\lab2\src\main\scala\main.scala. Using presentation compiler with project's scala-library version: 3.3.4
2024.11.27 21:30:04 INFO  no build target found for C:\Users\dima-\OneDrive\Desktop\то\Functional_Programming\lab2\src\main\scala\main.scala. Using presentation compiler with project's scala-library version: 3.3.4
2024.11.27 21:30:06 INFO  no build target found for C:\Users\dima-\OneDrive\Desktop\то\Functional_Programming\lab2\src\main\scala\main.scala. Using presentation compiler with project's scala-library version: 3.3.4
2024.11.27 21:30:09 INFO  no build target found for C:\Users\dima-\OneDrive\Desktop\то\Functional_Programming\lab2\src\main\scala\main.scala. Using presentation compiler with project's scala-library version: 3.3.4
2024.11.27 21:30:12 INFO  no build target found for C:\Users\dima-\OneDrive\Desktop\то\Functional_Programming\lab2\src\main\scala\main.scala. Using presentation compiler with project's scala-library version: 3.3.4
2024.11.27 21:30:12 INFO  no build target found for C:\Users\dima-\OneDrive\Desktop\то\Functional_Programming\lab2\src\main\scala\main.scala. Using presentation compiler with project's scala-library version: 3.3.4
2024.11.27 21:30:12 INFO  no build target found for C:\Users\dima-\OneDrive\Desktop\то\Functional_Programming\lab2\src\main\scala\main.scala. Using presentation compiler with project's scala-library version: 3.3.4
2024.11.27 21:30:13 INFO  no build target found for C:\Users\dima-\OneDrive\Desktop\то\Functional_Programming\lab2\src\main\scala\main.scala. Using presentation compiler with project's scala-library version: 3.3.4
2024.11.27 21:30:13 INFO  no build target found for C:\Users\dima-\OneDrive\Desktop\то\Functional_Programming\lab2\src\main\scala\main.scala. Using presentation compiler with project's scala-library version: 3.3.4
2024.11.27 21:30:14 WARN  no build target for: C:\Users\dima-\OneDrive\Desktop\то\Functional_Programming\lab2\src\main\scala\main.scala
2024.11.27 21:30:13 INFO  no build target found for C:\Users\dima-\OneDrive\Desktop\то\Functional_Programming\lab2\src\main\scala\main.scala. Using presentation compiler with project's scala-library version: 3.3.4
2024.11.27 21:30:15 INFO  no build target found for C:\Users\dima-\OneDrive\Desktop\то\Functional_Programming\lab2\src\main\scala\main.scala. Using presentation compiler with project's scala-library version: 3.3.4
2024.11.27 21:30:15 INFO  no build target found for C:\Users\dima-\OneDrive\Desktop\то\Functional_Programming\lab2\src\main\scala\main.scala. Using presentation compiler with project's scala-library version: 3.3.4
2024.11.27 21:30:15 INFO  no build target found for C:\Users\dima-\OneDrive\Desktop\то\Functional_Programming\lab2\src\main\scala\main.scala. Using presentation compiler with project's scala-library version: 3.3.4
2024.11.27 21:30:15 INFO  no build target found for C:\Users\dima-\OneDrive\Desktop\то\Functional_Programming\lab2\src\main\scala\main.scala. Using presentation compiler with project's scala-library version: 3.3.4
2024.11.27 21:30:15 INFO  no build target found for C:\Users\dima-\OneDrive\Desktop\то\Functional_Programming\lab2\src\main\scala\main.scala. Using presentation compiler with project's scala-library version: 3.3.4
2024.11.27 21:30:15 INFO  no build target found for C:\Users\dima-\OneDrive\Desktop\то\Functional_Programming\lab2\src\main\scala\main.scala. Using presentation compiler with project's scala-library version: 3.3.4
2024.11.27 21:30:15 INFO  no build target found for C:\Users\dima-\OneDrive\Desktop\то\Functional_Programming\lab2\src\main\scala\main.scala. Using presentation compiler with project's scala-library version: 3.3.4
2024.11.27 21:30:15 INFO  no build target found for C:\Users\dima-\OneDrive\Desktop\то\Functional_Programming\lab2\src\main\scala\main.scala. Using presentation compiler with project's scala-library version: 3.3.4
2024.11.27 21:30:16 INFO  no build target found for C:\Users\dima-\OneDrive\Desktop\то\Functional_Programming\lab2\src\main\scala\main.scala. Using presentation compiler with project's scala-library version: 3.3.4
2024.11.27 21:30:16 INFO  no build target found for C:\Users\dima-\OneDrive\Desktop\то\Functional_Programming\lab2\src\main\scala\main.scala. Using presentation compiler with project's scala-library version: 3.3.4
2024.11.27 21:30:15 INFO  no build target found for C:\Users\dima-\OneDrive\Desktop\то\Functional_Programming\lab2\src\main\scala\main.scala. Using presentation compiler with project's scala-library version: 3.3.4
2024.11.27 21:30:16 ERROR scalafmt: C:\Users\dima-\OneDrive\Desktop\то\Functional_Programming\lab2\src\main\scala\main.scala:9: error: [dialect scala213] is not a valid refinement declaration
  var result = x*x
  ^
2024.11.27 21:30:16 WARN  no build target for: C:\Users\dima-\OneDrive\Desktop\то\Functional_Programming\lab2\src\main\scala\main.scala
2024.11.27 21:30:16 INFO  no build target found for C:\Users\dima-\OneDrive\Desktop\то\Functional_Programming\lab2\src\main\scala\main.scala. Using presentation compiler with project's scala-library version: 3.3.4
2024.11.27 21:30:16 INFO  no build target found for C:\Users\dima-\OneDrive\Desktop\то\Functional_Programming\lab2\src\main\scala\main.scala. Using presentation compiler with project's scala-library version: 3.3.4
2024.11.27 21:30:18 INFO  no build target found for C:\Users\dima-\OneDrive\Desktop\то\Functional_Programming\lab2\src\main\scala\main.scala. Using presentation compiler with project's scala-library version: 3.3.4
2024.11.27 21:30:48 INFO  no build target found for C:\Users\dima-\OneDrive\Desktop\то\Functional_Programming\lab2\src\main\scala\main.scala. Using presentation compiler with project's scala-library version: 3.3.4
2024.11.27 21:30:52 INFO  no build target found for C:\Users\dima-\OneDrive\Desktop\то\Functional_Programming\lab2\src\main\scala\main.scala. Using presentation compiler with project's scala-library version: 3.3.4
2024.11.27 21:30:52 INFO  no build target found for C:\Users\dima-\OneDrive\Desktop\то\Functional_Programming\lab2\src\main\scala\main.scala. Using presentation compiler with project's scala-library version: 3.3.4
2024.11.27 21:30:52 INFO  no build target found for C:\Users\dima-\OneDrive\Desktop\то\Functional_Programming\lab2\src\main\scala\main.scala. Using presentation compiler with project's scala-library version: 3.3.4
2024.11.27 21:30:52 INFO  no build target found for C:\Users\dima-\OneDrive\Desktop\то\Functional_Programming\lab2\src\main\scala\main.scala. Using presentation compiler with project's scala-library version: 3.3.4
2024.11.27 21:30:53 INFO  no build target found for C:\Users\dima-\OneDrive\Desktop\то\Functional_Programming\lab2\src\main\scala\main.scala. Using presentation compiler with project's scala-library version: 3.3.4
2024.11.27 21:30:52 INFO  no build target found for C:\Users\dima-\OneDrive\Desktop\то\Functional_Programming\lab2\src\main\scala\main.scala. Using presentation compiler with project's scala-library version: 3.3.4
2024.11.27 21:30:53 INFO  no build target found for C:\Users\dima-\OneDrive\Desktop\то\Functional_Programming\lab2\src\main\scala\main.scala. Using presentation compiler with project's scala-library version: 3.3.4
2024.11.27 21:30:53 WARN  no build target for: C:\Users\dima-\OneDrive\Desktop\то\Functional_Programming\lab2\src\main\scala\main.scala
2024.11.27 21:30:53 INFO  no build target found for C:\Users\dima-\OneDrive\Desktop\то\Functional_Programming\lab2\src\main\scala\main.scala. Using presentation compiler with project's scala-library version: 3.3.4
2024.11.27 21:31:00 INFO  no build target found for C:\Users\dima-\OneDrive\Desktop\то\Functional_Programming\lab2\src\main\scala\main.scala. Using presentation compiler with project's scala-library version: 3.3.4
2024.11.27 21:31:00 INFO  no build target found for C:\Users\dima-\OneDrive\Desktop\то\Functional_Programming\lab2\src\main\scala\main.scala. Using presentation compiler with project's scala-library version: 3.3.4
2024.11.27 21:31:00 INFO  no build target found for C:\Users\dima-\OneDrive\Desktop\то\Functional_Programming\lab2\src\main\scala\main.scala. Using presentation compiler with project's scala-library version: 3.3.4
2024.11.27 21:31:07 INFO  no build target found for C:\Users\dima-\OneDrive\Desktop\то\Functional_Programming\lab2\src\main\scala\main.scala. Using presentation compiler with project's scala-library version: 3.3.4
2024.11.27 21:31:07 INFO  no build target found for C:\Users\dima-\OneDrive\Desktop\то\Functional_Programming\lab2\src\main\scala\main.scala. Using presentation compiler with project's scala-library version: 3.3.4
2024.11.27 21:31:07 INFO  no build target found for C:\Users\dima-\OneDrive\Desktop\то\Functional_Programming\lab2\src\main\scala\main.scala. Using presentation compiler with project's scala-library version: 3.3.4
2024.11.27 21:31:07 INFO  no build target found for C:\Users\dima-\OneDrive\Desktop\то\Functional_Programming\lab2\src\main\scala\main.scala. Using presentation compiler with project's scala-library version: 3.3.4
2024.11.27 21:31:07 WARN  no build target for: C:\Users\dima-\OneDrive\Desktop\то\Functional_Programming\lab2\src\main\scala\main.scala
2024.11.27 21:31:07 INFO  no build target found for C:\Users\dima-\OneDrive\Desktop\то\Functional_Programming\lab2\src\main\scala\main.scala. Using presentation compiler with project's scala-library version: 3.3.4
2024.11.27 21:31:08 WARN  no build target for: C:\Users\dima-\OneDrive\Desktop\то\Functional_Programming\lab2\src\main\scala\main.scala
2024.11.27 21:31:08 INFO  no build target found for C:\Users\dima-\OneDrive\Desktop\то\Functional_Programming\lab2\src\main\scala\main.scala. Using presentation compiler with project's scala-library version: 3.3.4
2024.11.27 21:31:16 INFO  no build target found for C:\Users\dima-\OneDrive\Desktop\то\Functional_Programming\lab2\src\main\scala\main.scala. Using presentation compiler with project's scala-library version: 3.3.4
2024.11.27 21:31:22 INFO  no build target found for C:\Users\dima-\OneDrive\Desktop\то\Functional_Programming\lab2\src\main\scala\main.scala. Using presentation compiler with project's scala-library version: 3.3.4
2024.11.27 21:31:22 INFO  no build target found for C:\Users\dima-\OneDrive\Desktop\то\Functional_Programming\lab2\src\main\scala\main.scala. Using presentation compiler with project's scala-library version: 3.3.4
2024.11.27 21:31:22 INFO  no build target found for C:\Users\dima-\OneDrive\Desktop\то\Functional_Programming\lab2\src\main\scala\main.scala. Using presentation compiler with project's scala-library version: 3.3.4
2024.11.27 21:31:23 INFO  no build target found for C:\Users\dima-\OneDrive\Desktop\то\Functional_Programming\lab2\src\main\scala\main.scala. Using presentation compiler with project's scala-library version: 3.3.4
2024.11.27 21:31:24 INFO  no build target found for C:\Users\dima-\OneDrive\Desktop\то\Functional_Programming\lab2\src\main\scala\main.scala. Using presentation compiler with project's scala-library version: 3.3.4
2024.11.27 21:31:24 INFO  no build target found for C:\Users\dima-\OneDrive\Desktop\то\Functional_Programming\lab2\src\main\scala\main.scala. Using presentation compiler with project's scala-library version: 3.3.4
2024.11.27 21:31:28 INFO  no build target found for C:\Users\dima-\OneDrive\Desktop\то\Functional_Programming\lab2\src\main\scala\main.scala. Using presentation compiler with project's scala-library version: 3.3.4
2024.11.27 21:31:28 INFO  no build target found for C:\Users\dima-\OneDrive\Desktop\то\Functional_Programming\lab2\src\main\scala\main.scala. Using presentation compiler with project's scala-library version: 3.3.4
2024.11.27 21:31:28 INFO  no build target found for C:\Users\dima-\OneDrive\Desktop\то\Functional_Programming\lab2\src\main\scala\main.scala. Using presentation compiler with project's scala-library version: 3.3.4
2024.11.27 21:31:28 INFO  no build target found for C:\Users\dima-\OneDrive\Desktop\то\Functional_Programming\lab2\src\main\scala\main.scala. Using presentation compiler with project's scala-library version: 3.3.4
2024.11.27 21:32:16 INFO  no build target found for C:\Users\dima-\OneDrive\Desktop\то\Functional_Programming\lab2\src\main\scala\main.scala. Using presentation compiler with project's scala-library version: 3.3.4
2024.11.27 21:32:16 INFO  no build target found for C:\Users\dima-\OneDrive\Desktop\то\Functional_Programming\lab2\src\main\scala\main.scala. Using presentation compiler with project's scala-library version: 3.3.4
2024.11.27 21:32:16 INFO  no build target found for C:\Users\dima-\OneDrive\Desktop\то\Functional_Programming\lab2\src\main\scala\main.scala. Using presentation compiler with project's scala-library version: 3.3.4
2024.11.27 21:32:18 INFO  no build target found for C:\Users\dima-\OneDrive\Desktop\то\Functional_Programming\lab2\src\main\scala\main.scala. Using presentation compiler with project's scala-library version: 3.3.4
2024.11.27 21:32:18 INFO  no build target found for C:\Users\dima-\OneDrive\Desktop\то\Functional_Programming\lab2\src\main\scala\main.scala. Using presentation compiler with project's scala-library version: 3.3.4
2024.11.27 21:32:18 INFO  no build target found for C:\Users\dima-\OneDrive\Desktop\то\Functional_Programming\lab2\src\main\scala\main.scala. Using presentation compiler with project's scala-library version: 3.3.4
2024.11.27 21:32:18 INFO  no build target found for C:\Users\dima-\OneDrive\Desktop\то\Functional_Programming\lab2\src\main\scala\main.scala. Using presentation compiler with project's scala-library version: 3.3.4
2024.11.27 21:32:18 INFO  no build target found for C:\Users\dima-\OneDrive\Desktop\то\Functional_Programming\lab2\src\main\scala\main.scala. Using presentation compiler with project's scala-library version: 3.3.4
2024.11.27 21:32:18 INFO  no build target found for C:\Users\dima-\OneDrive\Desktop\то\Functional_Programming\lab2\src\main\scala\main.scala. Using presentation compiler with project's scala-library version: 3.3.4
2024.11.27 21:32:24 INFO  no build target found for C:\Users\dima-\OneDrive\Desktop\то\Functional_Programming\lab2\src\main\scala\main.scala. Using presentation compiler with project's scala-library version: 3.3.4
2024.11.27 21:32:24 INFO  no build target found for C:\Users\dima-\OneDrive\Desktop\то\Functional_Programming\lab2\src\main\scala\main.scala. Using presentation compiler with project's scala-library version: 3.3.4
2024.11.27 21:32:25 INFO  no build target found for C:\Users\dima-\OneDrive\Desktop\то\Functional_Programming\lab2\src\main\scala\main.scala. Using presentation compiler with project's scala-library version: 3.3.4
2024.11.27 21:32:26 INFO  no build target found for C:\Users\dima-\OneDrive\Desktop\то\Functional_Programming\lab2\src\main\scala\main.scala. Using presentation compiler with project's scala-library version: 3.3.4
2024.11.27 21:32:26 INFO  no build target found for C:\Users\dima-\OneDrive\Desktop\то\Functional_Programming\lab2\src\main\scala\main.scala. Using presentation compiler with project's scala-library version: 3.3.4
2024.11.27 21:32:26 INFO  no build target found for C:\Users\dima-\OneDrive\Desktop\то\Functional_Programming\lab2\src\main\scala\main.scala. Using presentation compiler with project's scala-library version: 3.3.4
2024.11.27 21:32:30 INFO  no build target found for C:\Users\dima-\OneDrive\Desktop\то\Functional_Programming\lab2\src\main\scala\main.scala. Using presentation compiler with project's scala-library version: 3.3.4
2024.11.27 21:32:30 INFO  no build target found for C:\Users\dima-\OneDrive\Desktop\то\Functional_Programming\lab2\src\main\scala\main.scala. Using presentation compiler with project's scala-library version: 3.3.4
2024.11.27 21:32:30 INFO  no build target found for C:\Users\dima-\OneDrive\Desktop\то\Functional_Programming\lab2\src\main\scala\main.scala. Using presentation compiler with project's scala-library version: 3.3.4
2024.11.27 21:33:35 INFO  no build target found for C:\Users\dima-\OneDrive\Desktop\то\Functional_Programming\lab2\src\main\scala\main.scala. Using presentation compiler with project's scala-library version: 3.3.4
2024.11.27 21:33:35 INFO  no build target found for C:\Users\dima-\OneDrive\Desktop\то\Functional_Programming\lab2\src\main\scala\main.scala. Using presentation compiler with project's scala-library version: 3.3.4
2024.11.27 21:33:35 INFO  no build target found for C:\Users\dima-\OneDrive\Desktop\то\Functional_Programming\lab2\src\main\scala\main.scala. Using presentation compiler with project's scala-library version: 3.3.4
2024.11.27 21:33:38 INFO  no build target found for C:\Users\dima-\OneDrive\Desktop\то\Functional_Programming\lab2\src\main\scala\main.scala. Using presentation compiler with project's scala-library version: 3.3.4
2024.11.27 21:33:38 INFO  no build target found for C:\Users\dima-\OneDrive\Desktop\то\Functional_Programming\lab2\src\main\scala\main.scala. Using presentation compiler with project's scala-library version: 3.3.4
2024.11.27 21:33:38 INFO  no build target found for C:\Users\dima-\OneDrive\Desktop\то\Functional_Programming\lab2\src\main\scala\main.scala. Using presentation compiler with project's scala-library version: 3.3.4
2024.11.27 21:33:50 INFO  no build target found for C:\Users\dima-\OneDrive\Desktop\то\Functional_Programming\lab2\src\main\scala\main.scala. Using presentation compiler with project's scala-library version: 3.3.4
2024.11.27 21:33:51 INFO  no build target found for C:\Users\dima-\OneDrive\Desktop\то\Functional_Programming\lab2\src\main\scala\main.scala. Using presentation compiler with project's scala-library version: 3.3.4
2024.11.27 21:33:51 INFO  no build target found for C:\Users\dima-\OneDrive\Desktop\то\Functional_Programming\lab2\src\main\scala\main.scala. Using presentation compiler with project's scala-library version: 3.3.4
2024.11.27 21:35:11 INFO  Shutting down server
2024.11.27 21:35:11 INFO  shutting down Metals
2024.11.27 21:35:11 INFO  Shut down connection with build server.
2024.11.27 21:35:11 INFO  Exiting server
2024.11.28 11:24:35 INFO  Started: Metals version 1.4.1 in folders 'C:\Users\dima-\OneDrive\Desktop\то\Functional_Programming' for client Visual Studio Code 1.95.3.
2024.11.28 11:24:35 WARN  Flyway upgrade recommended: H2 2.3.232 is newer than this version of Flyway and support has not been tested. The latest supported version of H2 is 2.2.224.
2024.11.28 11:24:35 INFO  Attempting to connect to the build server...
2024.11.28 11:24:35 INFO  Found a Bloop server running
2024.11.28 11:24:36 INFO  tracing is disabled for protocol BSP, to enable tracing of incoming and outgoing JSON messages create an empty file at C:\Users\dima-\OneDrive\Desktop\то\Functional_Programming\.metals\bsp.trace.json or C:\Users\dima-\AppData\Local\scalameta\metals\cache\bsp.trace.json
2024.11.28 11:24:35 INFO  time: Connected to build server in 0.76s
2024.11.28 11:24:35 INFO  Connected to Build server: Bloop v2.0.5
2024.11.28 11:24:36 INFO  running doctor check
2024.11.28 11:24:36 INFO  java targets: lab1, lab1-test
2024.11.28 11:24:38 WARN  Flyway upgrade recommended: H2 2.3.232 is newer than this version of Flyway and support has not been tested. The latest supported version of H2 is 2.2.224.
2024.11.28 11:24:38 INFO  time: indexed workspace in 2.41s
2024.11.28 11:25:02 INFO  Shutting down server
2024.11.28 11:25:02 INFO  shutting down Metals
2024.11.28 11:25:02 INFO  Shut down connection with build server.
2024.11.28 11:25:02 INFO  Exiting server
2024.11.28 11:56:09 INFO  Started: Metals version 1.4.1 in folders 'C:\Users\dima-\OneDrive\Desktop\то\Functional_Programming' for client Visual Studio Code 1.95.3.
2024.11.28 11:56:09 WARN  Flyway upgrade recommended: H2 2.3.232 is newer than this version of Flyway and support has not been tested. The latest supported version of H2 is 2.2.224.
2024.11.28 11:56:09 INFO  no build target found for C:\Users\dima-\OneDrive\Desktop\то\Functional_Programming\lab1\src\main\scala\Main.scala. Using presentation compiler with project's scala-library version: 3.3.4
МНЪА. 28, 2024 11:56:10 AM org.eclipse.lsp4j.jsonrpc.RemoteEndpoint handleCancellation
WARNING: Unmatched cancel notification for request id 1
2024.11.28 11:56:10 INFO  Attempting to connect to the build server...
2024.11.28 11:56:10 INFO  Found a Bloop server running
2024.11.28 11:56:11 INFO  no build target found for C:\Users\dima-\OneDrive\Desktop\то\Functional_Programming\lab1\src\main\scala\Main.scala. Using presentation compiler with project's scala-library version: 3.3.4
2024.11.28 11:56:11 INFO  tracing is disabled for protocol BSP, to enable tracing of incoming and outgoing JSON messages create an empty file at C:\Users\dima-\OneDrive\Desktop\то\Functional_Programming\.metals\bsp.trace.json or C:\Users\dima-\AppData\Local\scalameta\metals\cache\bsp.trace.json
2024.11.28 11:56:11 INFO  no build target found for C:\Users\dima-\OneDrive\Desktop\то\Functional_Programming\lab1\src\main\scala\Main.scala. Using presentation compiler with project's scala-library version: 3.3.4
2024.11.28 11:56:11 INFO  time: Connected to build server in 0.72s
2024.11.28 11:56:11 INFO  Connected to Build server: Bloop v2.0.5
2024.11.28 11:56:11 INFO  running doctor check
2024.11.28 11:56:11 INFO  java targets: lab1, lab1-test
2024.11.28 11:56:13 WARN  Flyway upgrade recommended: H2 2.3.232 is newer than this version of Flyway and support has not been tested. The latest supported version of H2 is 2.2.224.
2024.11.28 11:56:13 INFO  time: indexed workspace in 2.36s
2024.11.28 13:23:07 INFO  Shutting down server
2024.11.28 13:23:07 INFO  shutting down Metals
2024.11.28 13:23:07 INFO  Shut down connection with build server.
2024.11.28 13:23:07 INFO  Exiting server
